https://three.arcprize.org/api/games
2026-04-07 13:07:41,038 | INFO | Game list: ['ls20-9607627b']
2026-04-07 13:07:41 | INFO | Successfully fetched 25 environment(s) from API
2026-04-07 13:07:41,074 | INFO | Successfully fetched 25 environment(s) from API
***** MAKING SCORECARD
{"card_id":"b4196c5f-6edb-484f-8856-90141a9ac2e0"}

{'card_id': 'b4196c5f-6edb-484f-8856-90141a9ac2e0'}
2026-04-07 13:07:41 | INFO | Created new scorecard: b4196c5f-6edb-484f-8856-90141a9ac2e0
2026-04-07 13:07:41,107 | INFO | Created new scorecard: b4196c5f-6edb-484f-8856-90141a9ac2e0
***** MAKING ALL AGENTS with card id: b4196c5f-6edb-484f-8856-90141a9ac2e0
2026-04-07 13:07:41 | INFO | Successfully fetched metadata for game ls20
2026-04-07 13:07:41,143 | INFO | Successfully fetched metadata for game ls20
2026-04-07 13:07:41 | INFO | Successfully reset game ls20-9607627b, guid=fd67b8df-4575-4b9d-b0b8-5473c16a022f, scorecard_id=b4196c5f-6edb-484f-8856-90141a9ac2e0
2026-04-07 13:07:41,238 | INFO | Successfully reset game ls20-9607627b, guid=fd67b8df-4575-4b9d-b0b8-5473c16a022f, scorecard_id=b4196c5f-6edb-484f-8856-90141a9ac2e0
2026-04-07 13:07:41,238 | INFO | created new recording for ls20-9607627b.randomrecordactions.80 into recordings\ls20-9607627b.randomrecordactions.80.8a67d7bb-0975-4f5d-856e-8d742b8f2946.recording.jsonl
Exception in thread Thread-2 (main):
Traceback (most recent call last):
  File "C:\Users\benja\AppData\Roaming\uv\python\cpython-3.12.12-windows-x86_64-none\Lib\threading.py", line 1075, in _bootstrap_inner
    self.run()
  File "C:\Users\benja\AppData\Roaming\uv\python\cpython-3.12.12-windows-x86_64-none\Lib\threading.py", line 1012, in run
    self._target(*self._args, **self._kwargs)
  File "D:\arc3\external\ARC-AGI-3-Agents\agents\tracing.py", line 119, in wrapper
    return func(agent_instance, *args, **kwargs)
           ^^^^^^^^^^^^^^^^^^^^^^^^^^^^^^^^^^^^^
  File "D:\arc3\external\ARC-AGI-3-Agents\agents\agent.py", line 76, in main
    action = self.choose_action(
             ^^^^^^^^^^^^^^^^^^^
  File "D:\arc3\external\ARC-AGI-3-Agents\agents\templates\record_actions_agent.py", line 87, in choose_action
    if GameAction(aid) is not GameAction.RESET
       ^^^^^^^^^^^^^^^
  File "C:\Users\benja\AppData\Roaming\uv\python\cpython-3.12.12-windows-x86_64-none\Lib\enum.py", line 751, in __call__
    return cls.__new__(cls, value)
           ^^^^^^^^^^^^^^^^^^^^^^^
  File "C:\Users\benja\AppData\Roaming\uv\python\cpython-3.12.12-windows-x86_64-none\Lib\enum.py", line 1170, in __new__
    raise ve_exc
ValueError: 1 is not a valid GameAction
2026-04-07 13:07:41 | INFO | Closed scorecard: b4196c5f-6edb-484f-8856-90141a9ac2e0
2026-04-07 13:07:41,259 | INFO | Closed scorecard: b4196c5f-6edb-484f-8856-90141a9ac2e0
2026-04-07 13:07:41,259 | INFO | --- FINAL SCORECARD REPORT ---
2026-04-07 13:07:41,259 | INFO | {
  "source_url": null,
  "tags": [
    "legality_aware",
    "agent",
    "randomrecordactions"
  ],
  "opaque": null,
  "card_id": "b4196c5f-6edb-484f-8856-90141a9ac2e0",
  "api_key": null,
  "score": 0.0,
  "environments": [
    {
      "id": "ls20-9607627b",
      "runs": [
        {
          "id": null,
          "guid": "dbd172e7-942e-4346-9e26-63ac413dd0b4",
          "score": 0.0,
          "levels_completed": 0,
          "actions": 0,
          "resets": 0,
          "state": "NOT_FINISHED",
          "completed": false,
          "level_scores": [
            0.0,
            0.0,
            0.0,
            0.0,
            0.0,
            0.0,
            0.0
          ],
          "level_actions": [
            0,
            0,
            0,
            0,
            0,
            0,
            0
          ],
          "level_baseline_actions": [
            21,
            123,
            39,
            92,
            54,
            108,
            109
          ],
          "number_of_levels": null,
          "number_of_environments": 0,
          "message": null
        }
      ],
      "score": 0.0,
      "actions": 0,
      "levels_completed": 0,
      "completed": false,
      "level_count": 7,
      "resets": 0
    }
  ],
  "tags_scores": [
    {
      "id": "keyboard",
      "guid": null,
      "score": 0.0,
      "levels_completed": 0,
      "actions": 0,
      "resets": null,
      "state": null,
      "completed": null,
      "level_scores": null,
      "level_actions": null,
      "level_baseline_actions": null,
      "number_of_levels": 7,
      "number_of_environments": 1,
      "message": null
    }
  ],
  "total_environments_completed": 0,
  "total_environments": 1,
  "total_levels_completed": 0,
  "total_levels": 7,
  "total_actions": 0
}
2026-04-07 13:07:41,259 | INFO | View your scorecard online: https://three.arcprize.org/scorecards/b4196c5f-6edb-484f-8856-90141a9ac2e0
2026-04-07 13:07:41,259 | INFO | recording for ls20-9607627b.randomrecordactions.80 is available in recordings\ls20-9607627b.randomrecordactions.80.8a67d7bb-0975-4f5d-856e-8d742b8f2946.recording.jsonl
2026-04-07 13:07:41,264 | INFO | Finishing: agent took 0 actions, took 0.02 seconds (0.0 average fps)
