https://three.arcprize.org/api/games
2026-04-07 13:07:38,110 | INFO | Game list: ['ft09-0d8bbf25']
2026-04-07 13:07:38 | INFO | Successfully fetched 25 environment(s) from API
2026-04-07 13:07:38,161 | INFO | Successfully fetched 25 environment(s) from API
***** MAKING SCORECARD
{"card_id":"d621e950-dd90-4b70-9838-f7a654c423dc"}

{'card_id': 'd621e950-dd90-4b70-9838-f7a654c423dc'}
2026-04-07 13:07:38 | INFO | Created new scorecard: d621e950-dd90-4b70-9838-f7a654c423dc
2026-04-07 13:07:38,205 | INFO | Created new scorecard: d621e950-dd90-4b70-9838-f7a654c423dc
***** MAKING ALL AGENTS with card id: d621e950-dd90-4b70-9838-f7a654c423dc
2026-04-07 13:07:38 | INFO | Successfully fetched metadata for game ft09
2026-04-07 13:07:38,247 | INFO | Successfully fetched metadata for game ft09
2026-04-07 13:07:38 | INFO | Successfully reset game ft09-0d8bbf25, guid=191794f3-6279-48d7-859b-5bc0d8a650a2, scorecard_id=d621e950-dd90-4b70-9838-f7a654c423dc
2026-04-07 13:07:38,554 | INFO | Successfully reset game ft09-0d8bbf25, guid=191794f3-6279-48d7-859b-5bc0d8a650a2, scorecard_id=d621e950-dd90-4b70-9838-f7a654c423dc
2026-04-07 13:07:38,554 | INFO | created new recording for ft09-0d8bbf25.randomrecordactions.80 into recordings\ft09-0d8bbf25.randomrecordactions.80.482ff6e9-9a9d-46d7-94fe-d928d2f7597f.recording.jsonl
Exception in thread Thread-2 (main):
Traceback (most recent call last):
  File "C:\Users\benja\AppData\Roaming\uv\python\cpython-3.12.12-windows-x86_64-none\Lib\threading.py", line 1075, in _bootstrap_inner
    self.run()
  File "C:\Users\benja\AppData\Roaming\uv\python\cpython-3.12.12-windows-x86_64-none\Lib\threading.py", line 1012, in run
    self._target(*self._args, **self._kwargs)
  File "D:\arc3\external\ARC-AGI-3-Agents\agents\tracing.py", line 119, in wrapper
    return func(agent_instance, *args, **kwargs)
           ^^^^^^^^^^^^^^^^^^^^^^^^^^^^^^^^^^^^^
  File "D:\arc3\external\ARC-AGI-3-Agents\agents\agent.py", line 76, in main
    action = self.choose_action(
             ^^^^^^^^^^^^^^^^^^^
  File "D:\arc3\external\ARC-AGI-3-Agents\agents\templates\record_actions_agent.py", line 87, in choose_action
    if GameAction(aid) is not GameAction.RESET
       ^^^^^^^^^^^^^^^
  File "C:\Users\benja\AppData\Roaming\uv\python\cpython-3.12.12-windows-x86_64-none\Lib\enum.py", line 751, in __call__
    return cls.__new__(cls, value)
           ^^^^^^^^^^^^^^^^^^^^^^^
  File "C:\Users\benja\AppData\Roaming\uv\python\cpython-3.12.12-windows-x86_64-none\Lib\enum.py", line 1170, in __new__
    raise ve_exc
ValueError: 6 is not a valid GameAction
2026-04-07 13:07:38 | INFO | Closed scorecard: d621e950-dd90-4b70-9838-f7a654c423dc
2026-04-07 13:07:38,621 | INFO | Closed scorecard: d621e950-dd90-4b70-9838-f7a654c423dc
2026-04-07 13:07:38,621 | INFO | --- FINAL SCORECARD REPORT ---
2026-04-07 13:07:38,621 | INFO | {
  "source_url": null,
  "tags": [
    "legality_aware",
    "agent",
    "randomrecordactions"
  ],
  "opaque": null,
  "card_id": "d621e950-dd90-4b70-9838-f7a654c423dc",
  "api_key": null,
  "score": 0.0,
  "environments": [
    {
      "id": "ft09-0d8bbf25",
      "runs": [
        {
          "id": null,
          "guid": "2e54ca21-118a-4ef2-b218-efd388bc6a02",
          "score": 0.0,
          "levels_completed": 0,
          "actions": 0,
          "resets": 0,
          "state": "NOT_FINISHED",
          "completed": false,
          "level_scores": [
            0.0,
            0.0,
            0.0,
            0.0,
            0.0,
            0.0
          ],
          "level_actions": [
            0,
            0,
            0,
            0,
            0,
            0
          ],
          "level_baseline_actions": [
            17,
            19,
            15,
            21,
            65,
            26
          ],
          "number_of_levels": null,
          "number_of_environments": 0,
          "message": null
        }
      ],
      "score": 0.0,
      "actions": 0,
      "levels_completed": 0,
      "completed": false,
      "level_count": 6,
      "resets": 0
    }
  ],
  "tags_scores": [],
  "total_environments_completed": 0,
  "total_environments": 1,
  "total_levels_completed": 0,
  "total_levels": 6,
  "total_actions": 0
}
2026-04-07 13:07:38,621 | INFO | View your scorecard online: https://three.arcprize.org/scorecards/d621e950-dd90-4b70-9838-f7a654c423dc
2026-04-07 13:07:38,621 | INFO | recording for ft09-0d8bbf25.randomrecordactions.80 is available in recordings\ft09-0d8bbf25.randomrecordactions.80.482ff6e9-9a9d-46d7-94fe-d928d2f7597f.recording.jsonl
2026-04-07 13:07:38,621 | INFO | Finishing: agent took 0 actions, took 0.06 seconds (0.0 average fps)
