https://three.arcprize.org/api/games
2026-04-07 13:07:46,405 | INFO | Game list: ['lp85-305b61c3']
2026-04-07 13:07:46 | INFO | Successfully fetched 25 environment(s) from API
2026-04-07 13:07:46,452 | INFO | Successfully fetched 25 environment(s) from API
***** MAKING SCORECARD
{"card_id":"ce22b6be-31af-4f8e-8c8c-92a5fc3ba891"}

{'card_id': 'ce22b6be-31af-4f8e-8c8c-92a5fc3ba891'}
2026-04-07 13:07:46 | INFO | Created new scorecard: ce22b6be-31af-4f8e-8c8c-92a5fc3ba891
2026-04-07 13:07:46,507 | INFO | Created new scorecard: ce22b6be-31af-4f8e-8c8c-92a5fc3ba891
***** MAKING ALL AGENTS with card id: ce22b6be-31af-4f8e-8c8c-92a5fc3ba891
2026-04-07 13:07:46 | INFO | Successfully fetched metadata for game lp85
2026-04-07 13:07:46,541 | INFO | Successfully fetched metadata for game lp85
2026-04-07 13:07:46 | INFO | Successfully reset game lp85-305b61c3, guid=d7999741-2640-451c-9e9e-e2b7cbc4058c, scorecard_id=ce22b6be-31af-4f8e-8c8c-92a5fc3ba891
2026-04-07 13:07:46,616 | INFO | Successfully reset game lp85-305b61c3, guid=d7999741-2640-451c-9e9e-e2b7cbc4058c, scorecard_id=ce22b6be-31af-4f8e-8c8c-92a5fc3ba891
2026-04-07 13:07:46,616 | INFO | created new recording for lp85-305b61c3.randomrecordactions.80 into recordings\lp85-305b61c3.randomrecordactions.80.eb2923ae-1020-4502-a64c-75302e62129b.recording.jsonl
Exception in thread Thread-2 (main):
Traceback (most recent call last):
  File "C:\Users\benja\AppData\Roaming\uv\python\cpython-3.12.12-windows-x86_64-none\Lib\threading.py", line 1075, in _bootstrap_inner
    self.run()
  File "C:\Users\benja\AppData\Roaming\uv\python\cpython-3.12.12-windows-x86_64-none\Lib\threading.py", line 1012, in run
    self._target(*self._args, **self._kwargs)
  File "D:\arc3\external\ARC-AGI-3-Agents\agents\tracing.py", line 119, in wrapper
    return func(agent_instance, *args, **kwargs)
           ^^^^^^^^^^^^^^^^^^^^^^^^^^^^^^^^^^^^^
  File "D:\arc3\external\ARC-AGI-3-Agents\agents\agent.py", line 76, in main
    action = self.choose_action(
             ^^^^^^^^^^^^^^^^^^^
  File "D:\arc3\external\ARC-AGI-3-Agents\agents\templates\record_actions_agent.py", line 87, in choose_action
    if GameAction(aid) is not GameAction.RESET
       ^^^^^^^^^^^^^^^
  File "C:\Users\benja\AppData\Roaming\uv\python\cpython-3.12.12-windows-x86_64-none\Lib\enum.py", line 751, in __call__
    return cls.__new__(cls, value)
           ^^^^^^^^^^^^^^^^^^^^^^^
  File "C:\Users\benja\AppData\Roaming\uv\python\cpython-3.12.12-windows-x86_64-none\Lib\enum.py", line 1170, in __new__
    raise ve_exc
ValueError: 6 is not a valid GameAction
2026-04-07 13:07:46 | INFO | Closed scorecard: ce22b6be-31af-4f8e-8c8c-92a5fc3ba891
2026-04-07 13:07:46,635 | INFO | Closed scorecard: ce22b6be-31af-4f8e-8c8c-92a5fc3ba891
2026-04-07 13:07:46,635 | INFO | --- FINAL SCORECARD REPORT ---
2026-04-07 13:07:46,635 | INFO | {
  "source_url": null,
  "tags": [
    "legality_aware",
    "agent",
    "randomrecordactions"
  ],
  "opaque": null,
  "card_id": "ce22b6be-31af-4f8e-8c8c-92a5fc3ba891",
  "api_key": null,
  "score": 0.0,
  "environments": [
    {
      "id": "lp85-305b61c3",
      "runs": [
        {
          "id": null,
          "guid": "b5e10076-3655-4ca4-959f-41e0a4db54c6",
          "score": 0.0,
          "levels_completed": 0,
          "actions": 0,
          "resets": 0,
          "state": "NOT_FINISHED",
          "completed": false,
          "level_scores": [
            0.0,
            0.0,
            0.0,
            0.0,
            0.0,
            0.0,
            0.0,
            0.0
          ],
          "level_actions": [
            0,
            0,
            0,
            0,
            0,
            0,
            0,
            0
          ],
          "level_baseline_actions": [
            33,
            22,
            31,
            23,
            33,
            34,
            73,
            173
          ],
          "number_of_levels": null,
          "number_of_environments": 0,
          "message": null
        }
      ],
      "score": 0.0,
      "actions": 0,
      "levels_completed": 0,
      "completed": false,
      "level_count": 8,
      "resets": 0
    }
  ],
  "tags_scores": [
    {
      "id": "click",
      "guid": null,
      "score": 0.0,
      "levels_completed": 0,
      "actions": 0,
      "resets": null,
      "state": null,
      "completed": null,
      "level_scores": null,
      "level_actions": null,
      "level_baseline_actions": null,
      "number_of_levels": 8,
      "number_of_environments": 1,
      "message": null
    }
  ],
  "total_environments_completed": 0,
  "total_environments": 1,
  "total_levels_completed": 0,
  "total_levels": 8,
  "total_actions": 0
}
2026-04-07 13:07:46,635 | INFO | View your scorecard online: https://three.arcprize.org/scorecards/ce22b6be-31af-4f8e-8c8c-92a5fc3ba891
2026-04-07 13:07:46,640 | INFO | recording for lp85-305b61c3.randomrecordactions.80 is available in recordings\lp85-305b61c3.randomrecordactions.80.eb2923ae-1020-4502-a64c-75302e62129b.recording.jsonl
2026-04-07 13:07:46,640 | INFO | Finishing: agent took 0 actions, took 0.02 seconds (0.0 average fps)
