https://three.arcprize.org/api/games
2026-04-06 23:19:14,483 | INFO | Game list: ['lp85-305b61c3']
2026-04-06 23:19:14 | INFO | Successfully fetched 25 environment(s) from API
2026-04-06 23:19:14,523 | INFO | Successfully fetched 25 environment(s) from API
***** MAKING SCORECARD
{"card_id":"da77bfd7-080d-4cc3-967c-25243605799b"}

{'card_id': 'da77bfd7-080d-4cc3-967c-25243605799b'}
2026-04-06 23:19:14 | INFO | Created new scorecard: da77bfd7-080d-4cc3-967c-25243605799b
2026-04-06 23:19:14,562 | INFO | Created new scorecard: da77bfd7-080d-4cc3-967c-25243605799b
***** MAKING ALL AGENTS with card id: da77bfd7-080d-4cc3-967c-25243605799b
2026-04-06 23:19:14 | INFO | Successfully fetched metadata for game lp85
2026-04-06 23:19:14,593 | INFO | Successfully fetched metadata for game lp85
2026-04-06 23:19:14 | INFO | Successfully reset game lp85-305b61c3, guid=ff5ba8fd-189f-4b94-b446-1df808b70631, scorecard_id=da77bfd7-080d-4cc3-967c-25243605799b
2026-04-06 23:19:14,673 | INFO | Successfully reset game lp85-305b61c3, guid=ff5ba8fd-189f-4b94-b446-1df808b70631, scorecard_id=da77bfd7-080d-4cc3-967c-25243605799b
2026-04-06 23:19:14,673 | INFO | created new recording for lp85-305b61c3.random.80 into recordings\lp85-305b61c3.random.80.25367f92-1e20-4bc4-9ab2-18d5d54e3a5f.recording.jsonl
2026-04-06 23:19:14,698 | INFO | lp85-305b61c3 - ACTION6: count 0, levels completed 0, avg fps 0.0)
2026-04-06 23:19:14,740 | INFO | lp85-305b61c3 - ACTION1: count 1, levels completed 0, avg fps 10.0)
2026-04-06 23:19:14,768 | INFO | lp85-305b61c3 - ACTION6: count 2, levels completed 0, avg fps 20.0)
2026-04-06 23:19:14,803 | INFO | lp85-305b61c3 - ACTION6: count 3, levels completed 0, avg fps 25.0)
2026-04-06 23:19:14,844 | INFO | lp85-305b61c3 - ACTION4: count 4, levels completed 0, avg fps 25.0)
2026-04-06 23:19:14,886 | INFO | lp85-305b61c3 - ACTION4: count 5, levels completed 0, avg fps 23.81)
2026-04-06 23:19:14,930 | INFO | lp85-305b61c3 - ACTION3: count 6, levels completed 0, avg fps 24.0)
2026-04-06 23:19:14,956 | INFO | lp85-305b61c3 - ACTION6: count 7, levels completed 0, avg fps 25.0)
2026-04-06 23:19:14,997 | INFO | lp85-305b61c3 - ACTION1: count 8, levels completed 0, avg fps 25.0)
2026-04-06 23:19:15,023 | INFO | lp85-305b61c3 - ACTION7: count 9, levels completed 0, avg fps 26.47)
2026-04-06 23:19:15,053 | INFO | lp85-305b61c3 - ACTION6: count 10, levels completed 0, avg fps 27.03)
2026-04-06 23:19:15,094 | INFO | lp85-305b61c3 - ACTION3: count 11, levels completed 0, avg fps 26.83)
2026-04-06 23:19:15,140 | INFO | lp85-305b61c3 - ACTION1: count 12, levels completed 0, avg fps 26.09)
2026-04-06 23:19:15,169 | INFO | lp85-305b61c3 - ACTION2: count 13, levels completed 0, avg fps 26.53)
2026-04-06 23:19:15,205 | INFO | lp85-305b61c3 - ACTION3: count 14, levels completed 0, avg fps 26.42)
2026-04-06 23:19:15,246 | INFO | lp85-305b61c3 - ACTION4: count 15, levels completed 0, avg fps 26.32)
2026-04-06 23:19:15,273 | INFO | lp85-305b61c3 - ACTION6: count 16, levels completed 0, avg fps 27.12)
2026-04-06 23:19:15,310 | INFO | lp85-305b61c3 - ACTION3: count 17, levels completed 0, avg fps 26.98)
2026-04-06 23:19:15,337 | INFO | lp85-305b61c3 - ACTION7: count 18, levels completed 0, avg fps 27.27)
2026-04-06 23:19:15,367 | INFO | lp85-305b61c3 - ACTION5: count 19, levels completed 0, avg fps 27.54)
2026-04-06 23:19:15,393 | INFO | lp85-305b61c3 - ACTION2: count 20, levels completed 0, avg fps 28.17)
2026-04-06 23:19:15,428 | INFO | lp85-305b61c3 - ACTION7: count 21, levels completed 0, avg fps 28.0)
2026-04-06 23:19:15,456 | INFO | lp85-305b61c3 - ACTION1: count 22, levels completed 0, avg fps 28.21)
2026-04-06 23:19:15,499 | INFO | lp85-305b61c3 - ACTION7: count 23, levels completed 0, avg fps 28.05)
2026-04-06 23:19:15,539 | INFO | lp85-305b61c3 - ACTION5: count 24, levels completed 0, avg fps 27.91)
2026-04-06 23:19:15,577 | INFO | lp85-305b61c3 - ACTION6: count 25, levels completed 0, avg fps 27.78)
2026-04-06 23:19:15,602 | INFO | lp85-305b61c3 - ACTION1: count 26, levels completed 0, avg fps 28.26)
2026-04-06 23:19:15,626 | INFO | lp85-305b61c3 - ACTION1: count 27, levels completed 0, avg fps 28.42)
2026-04-06 23:19:15,668 | INFO | lp85-305b61c3 - ACTION6: count 28, levels completed 0, avg fps 28.28)
2026-04-06 23:19:15,779 | INFO | lp85-305b61c3 - ACTION2: count 29, levels completed 0, avg fps 26.36)
2026-04-06 23:19:15,814 | INFO | lp85-305b61c3 - ACTION6: count 30, levels completed 0, avg fps 26.55)
2026-04-06 23:19:15,856 | INFO | lp85-305b61c3 - ACTION5: count 31, levels completed 0, avg fps 26.27)
2026-04-06 23:19:15,876 | INFO | lp85-305b61c3 - ACTION6: count 32, levels completed 0, avg fps 26.67)
2026-04-06 23:19:15,904 | INFO | lp85-305b61c3 - ACTION1: count 33, levels completed 0, avg fps 27.05)
2026-04-06 23:19:15,932 | INFO | lp85-305b61c3 - ACTION3: count 34, levels completed 0, avg fps 27.2)
2026-04-06 23:19:15,958 | INFO | lp85-305b61c3 - ACTION1: count 35, levels completed 0, avg fps 27.34)
2026-04-06 23:19:15,980 | INFO | lp85-305b61c3 - ACTION3: count 36, levels completed 0, avg fps 27.69)
2026-04-06 23:19:16,020 | INFO | lp85-305b61c3 - ACTION4: count 37, levels completed 0, avg fps 27.61)
2026-04-06 23:19:16,043 | INFO | lp85-305b61c3 - ACTION5: count 38, levels completed 0, avg fps 27.94)
2026-04-06 23:19:16,070 | INFO | lp85-305b61c3 - ACTION5: count 39, levels completed 0, avg fps 28.06)
2026-04-06 23:19:16,094 | INFO | lp85-305b61c3 - ACTION7: count 40, levels completed 0, avg fps 28.37)
2026-04-06 23:19:16,119 | INFO | lp85-305b61c3 - ACTION4: count 41, levels completed 0, avg fps 28.47)
2026-04-06 23:19:16,140 | INFO | lp85-305b61c3 - ACTION5: count 42, levels completed 0, avg fps 28.77)
2026-04-06 23:19:16,170 | INFO | lp85-305b61c3 - ACTION2: count 43, levels completed 0, avg fps 28.86)
2026-04-06 23:19:16,189 | INFO | lp85-305b61c3 - ACTION7: count 44, levels completed 0, avg fps 29.14)
2026-04-06 23:19:16,220 | INFO | lp85-305b61c3 - ACTION7: count 45, levels completed 0, avg fps 29.22)
2026-04-06 23:19:16,244 | INFO | lp85-305b61c3 - ACTION3: count 46, levels completed 0, avg fps 29.49)
2026-04-06 23:19:16,266 | INFO | lp85-305b61c3 - ACTION4: count 47, levels completed 0, avg fps 29.56)
2026-04-06 23:19:16,296 | INFO | lp85-305b61c3 - ACTION2: count 48, levels completed 0, avg fps 29.63)
2026-04-06 23:19:16,320 | INFO | lp85-305b61c3 - ACTION1: count 49, levels completed 0, avg fps 29.88)
2026-04-06 23:19:16,346 | INFO | lp85-305b61c3 - ACTION7: count 50, levels completed 0, avg fps 29.94)
2026-04-06 23:19:16,369 | INFO | lp85-305b61c3 - ACTION1: count 51, levels completed 0, avg fps 30.18)
2026-04-06 23:19:16,397 | INFO | lp85-305b61c3 - ACTION4: count 52, levels completed 0, avg fps 30.23)
2026-04-06 23:19:16,422 | INFO | lp85-305b61c3 - ACTION4: count 53, levels completed 0, avg fps 30.46)
2026-04-06 23:19:16,447 | INFO | lp85-305b61c3 - ACTION7: count 54, levels completed 0, avg fps 30.51)
2026-04-06 23:19:16,473 | INFO | lp85-305b61c3 - ACTION5: count 55, levels completed 0, avg fps 30.73)
2026-04-06 23:19:16,495 | INFO | lp85-305b61c3 - ACTION2: count 56, levels completed 0, avg fps 30.77)
2026-04-06 23:19:16,522 | INFO | lp85-305b61c3 - ACTION5: count 57, levels completed 0, avg fps 30.98)
2026-04-06 23:19:16,547 | INFO | lp85-305b61c3 - ACTION3: count 58, levels completed 0, avg fps 31.02)
2026-04-06 23:19:16,573 | INFO | lp85-305b61c3 - ACTION2: count 59, levels completed 0, avg fps 31.22)
2026-04-06 23:19:16,598 | INFO | lp85-305b61c3 - ACTION5: count 60, levels completed 0, avg fps 31.25)
2026-04-06 23:19:16,620 | INFO | lp85-305b61c3 - ACTION2: count 61, levels completed 0, avg fps 31.44)
2026-04-06 23:19:16,648 | INFO | lp85-305b61c3 - ACTION5: count 62, levels completed 0, avg fps 31.47)
2026-04-06 23:19:16,675 | INFO | lp85-305b61c3 - ACTION2: count 63, levels completed 0, avg fps 31.5)
2026-04-06 23:19:16,697 | INFO | lp85-305b61c3 - ACTION7: count 64, levels completed 0, avg fps 31.68)
2026-04-06 23:19:16,758 | INFO | lp85-305b61c3 - ACTION4: count 65, levels completed 0, avg fps 31.25)
2026-04-06 23:19:16,783 | INFO | lp85-305b61c3 - ACTION6: count 66, levels completed 0, avg fps 31.43)
2026-04-06 23:19:16,808 | INFO | lp85-305b61c3 - ACTION6: count 67, levels completed 0, avg fps 31.46)
2026-04-06 23:19:16,833 | INFO | lp85-305b61c3 - ACTION3: count 68, levels completed 0, avg fps 31.63)
2026-04-06 23:19:16,857 | INFO | lp85-305b61c3 - ACTION1: count 69, levels completed 0, avg fps 31.65)
2026-04-06 23:19:16,882 | INFO | lp85-305b61c3 - ACTION7: count 70, levels completed 0, avg fps 31.82)
2026-04-06 23:19:16,906 | INFO | lp85-305b61c3 - ACTION1: count 71, levels completed 0, avg fps 31.84)
2026-04-06 23:19:16,930 | INFO | lp85-305b61c3 - ACTION5: count 72, levels completed 0, avg fps 32.0)
2026-04-06 23:19:16,955 | INFO | lp85-305b61c3 - ACTION3: count 73, levels completed 0, avg fps 32.02)
2026-04-06 23:19:16,981 | INFO | lp85-305b61c3 - ACTION6: count 74, levels completed 0, avg fps 32.17)
2026-04-06 23:19:17,002 | INFO | lp85-305b61c3 - ACTION2: count 75, levels completed 0, avg fps 32.33)
2026-04-06 23:19:17,030 | INFO | lp85-305b61c3 - ACTION6: count 76, levels completed 0, avg fps 32.34)
2026-04-06 23:19:17,056 | INFO | lp85-305b61c3 - ACTION1: count 77, levels completed 0, avg fps 32.35)
2026-04-06 23:19:17,078 | INFO | lp85-305b61c3 - ACTION7: count 78, levels completed 0, avg fps 32.5)
2026-04-06 23:19:17,105 | INFO | lp85-305b61c3 - ACTION3: count 79, levels completed 0, avg fps 32.51)
2026-04-06 23:19:17,129 | INFO | lp85-305b61c3 - ACTION3: count 80, levels completed 0, avg fps 32.65)
2026-04-06 23:19:17,129 | INFO | recording for lp85-305b61c3.random.80 is available in recordings\lp85-305b61c3.random.80.25367f92-1e20-4bc4-9ab2-18d5d54e3a5f.recording.jsonl
2026-04-06 23:19:17,129 | INFO | Exiting: agent reached MAX_ACTIONS of 80, took 2.45 seconds (33.06 average fps)
2026-04-06 23:19:17 | INFO | Closed scorecard: da77bfd7-080d-4cc3-967c-25243605799b
2026-04-06 23:19:17,148 | INFO | Closed scorecard: da77bfd7-080d-4cc3-967c-25243605799b
2026-04-06 23:19:17,153 | INFO | --- FINAL SCORECARD REPORT ---
2026-04-06 23:19:17,153 | INFO | {
  "source_url": null,
  "tags": [
    "baseline",
    "agent",
    "random"
  ],
  "opaque": null,
  "card_id": "da77bfd7-080d-4cc3-967c-25243605799b",
  "api_key": null,
  "score": 0.0,
  "environments": [
    {
      "id": "lp85-305b61c3",
      "runs": [
        {
          "id": null,
          "guid": "ff5ba8fd-189f-4b94-b446-1df808b70631",
          "score": 0.0,
          "levels_completed": 0,
          "actions": 81,
          "resets": 0,
          "state": "NOT_FINISHED",
          "completed": false,
          "level_scores": [
            0.0,
            0.0,
            0.0,
            0.0,
            0.0,
            0.0,
            0.0,
            0.0
          ],
          "level_actions": [
            81,
            0,
            0,
            0,
            0,
            0,
            0,
            0
          ],
          "level_baseline_actions": [
            33,
            22,
            31,
            23,
            33,
            34,
            73,
            173
          ],
          "number_of_levels": null,
          "number_of_environments": 0,
          "message": null
        }
      ],
      "score": 0.0,
      "actions": 81,
      "levels_completed": 0,
      "completed": false,
      "level_count": 8,
      "resets": 0
    }
  ],
  "tags_scores": [
    {
      "id": "click",
      "guid": null,
      "score": 0.0,
      "levels_completed": 0,
      "actions": 81,
      "resets": null,
      "state": null,
      "completed": null,
      "level_scores": null,
      "level_actions": null,
      "level_baseline_actions": null,
      "number_of_levels": 8,
      "number_of_environments": 1,
      "message": null
    }
  ],
  "total_environments_completed": 0,
  "total_environments": 1,
  "total_levels_completed": 0,
  "total_levels": 8,
  "total_actions": 81
}
2026-04-06 23:19:17,153 | INFO | View your scorecard online: https://three.arcprize.org/scorecards/da77bfd7-080d-4cc3-967c-25243605799b
