https://three.arcprize.org/api/games
2026-04-07 11:29:40,134 | INFO | Game list: ['ft09-0d8bbf25']
2026-04-07 11:29:40 | INFO | Successfully fetched 25 environment(s) from API
2026-04-07 11:29:40,157 | INFO | Successfully fetched 25 environment(s) from API
***** MAKING SCORECARD
{"card_id":"14cc1d62-3752-443d-83fd-bdf8f9f3d742"}

{'card_id': '14cc1d62-3752-443d-83fd-bdf8f9f3d742'}
2026-04-07 11:29:40 | INFO | Created new scorecard: 14cc1d62-3752-443d-83fd-bdf8f9f3d742
2026-04-07 11:29:40,187 | INFO | Created new scorecard: 14cc1d62-3752-443d-83fd-bdf8f9f3d742
***** MAKING ALL AGENTS with card id: 14cc1d62-3752-443d-83fd-bdf8f9f3d742
2026-04-07 11:29:40 | INFO | Successfully fetched metadata for game ft09
2026-04-07 11:29:40,224 | INFO | Successfully fetched metadata for game ft09
2026-04-07 11:29:40 | INFO | Successfully reset game ft09-0d8bbf25, guid=2c4b7bc4-7981-4b83-9a6d-a24694091573, scorecard_id=14cc1d62-3752-443d-83fd-bdf8f9f3d742
2026-04-07 11:29:40,281 | INFO | Successfully reset game ft09-0d8bbf25, guid=2c4b7bc4-7981-4b83-9a6d-a24694091573, scorecard_id=14cc1d62-3752-443d-83fd-bdf8f9f3d742
2026-04-07 11:29:40,281 | INFO | created new recording for ft09-0d8bbf25.randomrecordactions.80 into recordings\ft09-0d8bbf25.randomrecordactions.80.456ed11c-26dc-421f-a6b2-4b0e721589f8.recording.jsonl
2026-04-07 11:29:40,318 | INFO | ft09-0d8bbf25 - ACTION2: count 0, levels completed 0, avg fps 0.0)
2026-04-07 11:29:40,353 | INFO | ft09-0d8bbf25 - ACTION5: count 1, levels completed 0, avg fps 10.0)
2026-04-07 11:29:40,399 | INFO | ft09-0d8bbf25 - ACTION6: count 2, levels completed 0, avg fps 18.18)
2026-04-07 11:29:40,423 | INFO | ft09-0d8bbf25 - ACTION2: count 3, levels completed 0, avg fps 21.43)
2026-04-07 11:29:40,454 | INFO | ft09-0d8bbf25 - ACTION4: count 4, levels completed 0, avg fps 23.53)
2026-04-07 11:29:40,485 | INFO | ft09-0d8bbf25 - ACTION7: count 5, levels completed 0, avg fps 25.0)
2026-04-07 11:29:40,506 | INFO | ft09-0d8bbf25 - ACTION4: count 6, levels completed 0, avg fps 27.27)
2026-04-07 11:29:40,558 | INFO | ft09-0d8bbf25 - ACTION6: count 7, levels completed 0, avg fps 25.93)
2026-04-07 11:29:40,582 | INFO | ft09-0d8bbf25 - ACTION4: count 8, levels completed 0, avg fps 26.67)
2026-04-07 11:29:40,609 | INFO | ft09-0d8bbf25 - ACTION3: count 9, levels completed 0, avg fps 28.12)
2026-04-07 11:29:40,624 | INFO | ft09-0d8bbf25 - ACTION7: count 10, levels completed 0, avg fps 29.41)
2026-04-07 11:29:40,655 | INFO | ft09-0d8bbf25 - ACTION7: count 11, levels completed 0, avg fps 29.73)
2026-04-07 11:29:40,678 | INFO | ft09-0d8bbf25 - ACTION3: count 12, levels completed 0, avg fps 30.77)
2026-04-07 11:29:40,720 | INFO | ft09-0d8bbf25 - ACTION6: count 13, levels completed 0, avg fps 30.23)
2026-04-07 11:29:40,753 | INFO | ft09-0d8bbf25 - ACTION2: count 14, levels completed 0, avg fps 30.43)
2026-04-07 11:29:40,776 | INFO | ft09-0d8bbf25 - ACTION4: count 15, levels completed 0, avg fps 30.61)
2026-04-07 11:29:40,811 | INFO | ft09-0d8bbf25 - ACTION2: count 16, levels completed 0, avg fps 30.19)
2026-04-07 11:29:40,858 | INFO | ft09-0d8bbf25 - ACTION6: count 17, levels completed 0, avg fps 29.82)
2026-04-07 11:29:40,883 | INFO | ft09-0d8bbf25 - ACTION5: count 18, levels completed 0, avg fps 30.0)
2026-04-07 11:29:40,914 | INFO | ft09-0d8bbf25 - ACTION1: count 19, levels completed 0, avg fps 30.16)
2026-04-07 11:29:40,949 | INFO | ft09-0d8bbf25 - ACTION5: count 20, levels completed 0, avg fps 30.3)
2026-04-07 11:29:40,983 | INFO | ft09-0d8bbf25 - ACTION3: count 21, levels completed 0, avg fps 30.0)
2026-04-07 11:29:41,046 | INFO | ft09-0d8bbf25 - ACTION6: count 22, levels completed 0, avg fps 28.95)
2026-04-07 11:29:41,066 | INFO | ft09-0d8bbf25 - ACTION3: count 23, levels completed 0, avg fps 29.49)
2026-04-07 11:29:41,107 | INFO | ft09-0d8bbf25 - ACTION7: count 24, levels completed 0, avg fps 29.27)
2026-04-07 11:29:41,144 | INFO | ft09-0d8bbf25 - ACTION4: count 25, levels completed 0, avg fps 29.07)
2026-04-07 11:29:41,208 | INFO | ft09-0d8bbf25 - ACTION6: count 26, levels completed 0, avg fps 28.26)
2026-04-07 11:29:41,247 | INFO | ft09-0d8bbf25 - ACTION6: count 27, levels completed 0, avg fps 28.12)
2026-04-07 11:29:41,282 | INFO | ft09-0d8bbf25 - ACTION3: count 28, levels completed 0, avg fps 28.0)
2026-04-07 11:29:41,309 | INFO | ft09-0d8bbf25 - ACTION4: count 29, levels completed 0, avg fps 28.43)
2026-04-07 11:29:41,333 | INFO | ft09-0d8bbf25 - ACTION4: count 30, levels completed 0, avg fps 28.57)
2026-04-07 11:29:41,359 | INFO | ft09-0d8bbf25 - ACTION3: count 31, levels completed 0, avg fps 28.97)
2026-04-07 11:29:41,393 | INFO | ft09-0d8bbf25 - ACTION5: count 32, levels completed 0, avg fps 28.83)
2026-04-07 11:29:41,428 | INFO | ft09-0d8bbf25 - ACTION1: count 33, levels completed 0, avg fps 28.95)
2026-04-07 11:29:41,451 | INFO | ft09-0d8bbf25 - ACTION4: count 34, levels completed 0, avg fps 29.06)
2026-04-07 11:29:41,470 | INFO | ft09-0d8bbf25 - ACTION5: count 35, levels completed 0, avg fps 29.66)
2026-04-07 11:29:41,518 | INFO | ft09-0d8bbf25 - ACTION6: count 36, levels completed 0, avg fps 29.27)
2026-04-07 11:29:41,541 | INFO | ft09-0d8bbf25 - ACTION7: count 37, levels completed 0, avg fps 29.37)
2026-04-07 11:29:41,564 | INFO | ft09-0d8bbf25 - ACTION7: count 38, levels completed 0, avg fps 29.69)
2026-04-07 11:29:41,581 | INFO | ft09-0d8bbf25 - ACTION3: count 39, levels completed 0, avg fps 30.23)
2026-04-07 11:29:41,608 | INFO | ft09-0d8bbf25 - RESET: count 40, levels completed 0, avg fps 30.3)
2026-04-07 11:29:41,629 | INFO | ft09-0d8bbf25 - ACTION7: count 41, levels completed 0, avg fps 30.6)
2026-04-07 11:29:41,649 | INFO | ft09-0d8bbf25 - ACTION1: count 42, levels completed 0, avg fps 30.88)
2026-04-07 11:29:41,672 | INFO | ft09-0d8bbf25 - ACTION2: count 43, levels completed 0, avg fps 30.94)
2026-04-07 11:29:41,692 | INFO | ft09-0d8bbf25 - ACTION5: count 44, levels completed 0, avg fps 31.21)
2026-04-07 11:29:41,713 | INFO | ft09-0d8bbf25 - ACTION5: count 45, levels completed 0, avg fps 31.47)
2026-04-07 11:29:41,734 | INFO | ft09-0d8bbf25 - ACTION5: count 46, levels completed 0, avg fps 31.72)
2026-04-07 11:29:41,756 | INFO | ft09-0d8bbf25 - ACTION1: count 47, levels completed 0, avg fps 31.97)
2026-04-07 11:29:41,779 | INFO | ft09-0d8bbf25 - ACTION2: count 48, levels completed 0, avg fps 32.21)
2026-04-07 11:29:41,796 | INFO | ft09-0d8bbf25 - ACTION7: count 49, levels completed 0, avg fps 32.45)
2026-04-07 11:29:41,822 | INFO | ft09-0d8bbf25 - ACTION1: count 50, levels completed 0, avg fps 32.47)
2026-04-07 11:29:41,866 | INFO | ft09-0d8bbf25 - ACTION6: count 51, levels completed 0, avg fps 32.28)
2026-04-07 11:29:41,889 | INFO | ft09-0d8bbf25 - ACTION7: count 52, levels completed 0, avg fps 32.5)
2026-04-07 11:29:41,907 | INFO | ft09-0d8bbf25 - ACTION1: count 53, levels completed 0, avg fps 32.72)
2026-04-07 11:29:41,929 | INFO | ft09-0d8bbf25 - ACTION6: count 54, levels completed 0, avg fps 32.93)
2026-04-07 11:29:41,949 | INFO | ft09-0d8bbf25 - ACTION7: count 55, levels completed 0, avg fps 33.13)
2026-04-07 11:29:42,011 | INFO | ft09-0d8bbf25 - ACTION5: count 56, levels completed 0, avg fps 32.37)
2026-04-07 11:29:42,032 | INFO | ft09-0d8bbf25 - ACTION2: count 57, levels completed 0, avg fps 32.57)
2026-04-07 11:29:42,053 | INFO | ft09-0d8bbf25 - ACTION2: count 58, levels completed 0, avg fps 32.77)
2026-04-07 11:29:42,074 | INFO | ft09-0d8bbf25 - ACTION5: count 59, levels completed 0, avg fps 32.96)
2026-04-07 11:29:42,121 | INFO | ft09-0d8bbf25 - ACTION6: count 60, levels completed 0, avg fps 32.61)
2026-04-07 11:29:42,143 | INFO | ft09-0d8bbf25 - ACTION5: count 61, levels completed 0, avg fps 32.8)
2026-04-07 11:29:42,164 | INFO | ft09-0d8bbf25 - ACTION3: count 62, levels completed 0, avg fps 32.98)
2026-04-07 11:29:42,187 | INFO | ft09-0d8bbf25 - ACTION2: count 63, levels completed 0, avg fps 33.16)
2026-04-07 11:29:42,227 | INFO | ft09-0d8bbf25 - ACTION6: count 64, levels completed 0, avg fps 32.99)
2026-04-07 11:29:42,248 | INFO | ft09-0d8bbf25 - ACTION7: count 65, levels completed 0, avg fps 33.16)
2026-04-07 11:29:42,272 | INFO | ft09-0d8bbf25 - ACTION4: count 66, levels completed 0, avg fps 33.17)
2026-04-07 11:29:42,295 | INFO | ft09-0d8bbf25 - ACTION2: count 67, levels completed 0, avg fps 33.33)
2026-04-07 11:29:42,319 | INFO | ft09-0d8bbf25 - ACTION7: count 68, levels completed 0, avg fps 33.5)
2026-04-07 11:29:42,342 | INFO | ft09-0d8bbf25 - ACTION5: count 69, levels completed 0, avg fps 33.5)
2026-04-07 11:29:42,359 | INFO | ft09-0d8bbf25 - ACTION3: count 70, levels completed 0, avg fps 33.82)
2026-04-07 11:29:42,385 | INFO | ft09-0d8bbf25 - ACTION2: count 71, levels completed 0, avg fps 33.81)
2026-04-07 11:29:42,407 | INFO | ft09-0d8bbf25 - ACTION1: count 72, levels completed 0, avg fps 33.96)
2026-04-07 11:29:42,429 | INFO | ft09-0d8bbf25 - ACTION7: count 73, levels completed 0, avg fps 34.11)
2026-04-07 11:29:42,449 | INFO | ft09-0d8bbf25 - ACTION7: count 74, levels completed 0, avg fps 34.26)
2026-04-07 11:29:42,470 | INFO | ft09-0d8bbf25 - ACTION4: count 75, levels completed 0, avg fps 34.4)
2026-04-07 11:29:42,500 | INFO | ft09-0d8bbf25 - RESET: count 76, levels completed 0, avg fps 34.39)
2026-04-07 11:29:42,524 | INFO | ft09-0d8bbf25 - ACTION5: count 77, levels completed 0, avg fps 34.38)
2026-04-07 11:29:42,560 | INFO | ft09-0d8bbf25 - ACTION6: count 78, levels completed 0, avg fps 34.36)
2026-04-07 11:29:42,588 | INFO | ft09-0d8bbf25 - ACTION1: count 79, levels completed 0, avg fps 34.35)
2026-04-07 11:29:42,609 | INFO | ft09-0d8bbf25 - ACTION4: count 80, levels completed 0, avg fps 34.48)
2026-04-07 11:29:42,609 | INFO | recording for ft09-0d8bbf25.randomrecordactions.80 is available in recordings\ft09-0d8bbf25.randomrecordactions.80.456ed11c-26dc-421f-a6b2-4b0e721589f8.recording.jsonl
2026-04-07 11:29:42,609 | INFO | Exiting: agent reached MAX_ACTIONS of 80, took 2.32 seconds (34.91 average fps)
2026-04-07 11:29:42 | INFO | Closed scorecard: 14cc1d62-3752-443d-83fd-bdf8f9f3d742
2026-04-07 11:29:42,630 | INFO | Closed scorecard: 14cc1d62-3752-443d-83fd-bdf8f9f3d742
2026-04-07 11:29:42,630 | INFO | --- FINAL SCORECARD REPORT ---
2026-04-07 11:29:42,630 | INFO | {
  "source_url": null,
  "tags": [
    "arc3-neurosym-phase-b",
    "agent",
    "randomrecordactions"
  ],
  "opaque": null,
  "card_id": "14cc1d62-3752-443d-83fd-bdf8f9f3d742",
  "api_key": null,
  "score": 0.0,
  "environments": [
    {
      "id": "ft09-0d8bbf25",
      "runs": [
        {
          "id": null,
          "guid": "79ee453d-87c6-4409-81c1-d9a56a6c1654",
          "score": 0.0,
          "levels_completed": 0,
          "actions": 81,
          "resets": 2,
          "state": "GAME_OVER",
          "completed": false,
          "level_scores": [
            0.0,
            0.0,
            0.0,
            0.0,
            0.0,
            0.0
          ],
          "level_actions": [
            81,
            0,
            0,
            0,
            0,
            0
          ],
          "level_baseline_actions": [
            17,
            19,
            15,
            21,
            65,
            26
          ],
          "number_of_levels": null,
          "number_of_environments": 0,
          "message": null
        }
      ],
      "score": 0.0,
      "actions": 81,
      "levels_completed": 0,
      "completed": false,
      "level_count": 6,
      "resets": 2
    }
  ],
  "tags_scores": [],
  "total_environments_completed": 0,
  "total_environments": 1,
  "total_levels_completed": 0,
  "total_levels": 6,
  "total_actions": 81
}
2026-04-07 11:29:42,630 | INFO | View your scorecard online: https://three.arcprize.org/scorecards/14cc1d62-3752-443d-83fd-bdf8f9f3d742
