https://three.arcprize.org/api/games
2026-04-06 23:19:19,571 | INFO | Game list: ['ft09-0d8bbf25']
2026-04-06 23:19:19 | INFO | Successfully fetched 25 environment(s) from API
2026-04-06 23:19:19,606 | INFO | Successfully fetched 25 environment(s) from API
***** MAKING SCORECARD
{"card_id":"5c13119a-b4b8-4ecc-8f41-82f60a2f7513"}

{'card_id': '5c13119a-b4b8-4ecc-8f41-82f60a2f7513'}
2026-04-06 23:19:19 | INFO | Created new scorecard: 5c13119a-b4b8-4ecc-8f41-82f60a2f7513
2026-04-06 23:19:19,641 | INFO | Created new scorecard: 5c13119a-b4b8-4ecc-8f41-82f60a2f7513
***** MAKING ALL AGENTS with card id: 5c13119a-b4b8-4ecc-8f41-82f60a2f7513
2026-04-06 23:19:19 | INFO | Successfully fetched metadata for game ft09
2026-04-06 23:19:19,675 | INFO | Successfully fetched metadata for game ft09
2026-04-06 23:19:19 | INFO | Successfully reset game ft09-0d8bbf25, guid=e629e8be-d7ae-4eaa-b203-ae5c2ec503af, scorecard_id=5c13119a-b4b8-4ecc-8f41-82f60a2f7513
2026-04-06 23:19:19,752 | INFO | Successfully reset game ft09-0d8bbf25, guid=e629e8be-d7ae-4eaa-b203-ae5c2ec503af, scorecard_id=5c13119a-b4b8-4ecc-8f41-82f60a2f7513
2026-04-06 23:19:19,752 | INFO | created new recording for ft09-0d8bbf25.random.80 into recordings\ft09-0d8bbf25.random.80.48910019-96ee-4d4b-95b5-f256facdaf9b.recording.jsonl
2026-04-06 23:19:19,779 | INFO | ft09-0d8bbf25 - ACTION1: count 0, levels completed 0, avg fps 0.0)
2026-04-06 23:19:19,806 | INFO | ft09-0d8bbf25 - ACTION3: count 1, levels completed 0, avg fps 10.0)
2026-04-06 23:19:19,833 | INFO | ft09-0d8bbf25 - ACTION1: count 2, levels completed 0, avg fps 20.0)
2026-04-06 23:19:19,877 | INFO | ft09-0d8bbf25 - ACTION6: count 3, levels completed 0, avg fps 25.0)
2026-04-06 23:19:19,907 | INFO | ft09-0d8bbf25 - ACTION4: count 4, levels completed 0, avg fps 26.67)
2026-04-06 23:19:19,952 | INFO | ft09-0d8bbf25 - ACTION6: count 5, levels completed 0, avg fps 25.0)
2026-04-06 23:19:20,003 | INFO | ft09-0d8bbf25 - ACTION6: count 6, levels completed 0, avg fps 24.0)
2026-04-06 23:19:20,071 | INFO | ft09-0d8bbf25 - ACTION6: count 7, levels completed 0, avg fps 22.58)
2026-04-06 23:19:20,120 | INFO | ft09-0d8bbf25 - ACTION6: count 8, levels completed 0, avg fps 22.22)
2026-04-06 23:19:20,159 | INFO | ft09-0d8bbf25 - ACTION4: count 9, levels completed 0, avg fps 22.5)
2026-04-06 23:19:20,182 | INFO | ft09-0d8bbf25 - ACTION3: count 10, levels completed 0, avg fps 23.26)
2026-04-06 23:19:20,210 | INFO | ft09-0d8bbf25 - ACTION3: count 11, levels completed 0, avg fps 24.44)
2026-04-06 23:19:20,251 | INFO | ft09-0d8bbf25 - ACTION7: count 12, levels completed 0, avg fps 24.49)
2026-04-06 23:19:20,273 | INFO | ft09-0d8bbf25 - ACTION5: count 13, levels completed 0, avg fps 25.0)
2026-04-06 23:19:20,314 | INFO | ft09-0d8bbf25 - ACTION3: count 14, levels completed 0, avg fps 25.0)
2026-04-06 23:19:20,341 | INFO | ft09-0d8bbf25 - ACTION5: count 15, levels completed 0, avg fps 25.86)
2026-04-06 23:19:20,368 | INFO | ft09-0d8bbf25 - ACTION1: count 16, levels completed 0, avg fps 26.23)
2026-04-06 23:19:20,391 | INFO | ft09-0d8bbf25 - ACTION2: count 17, levels completed 0, avg fps 26.98)
2026-04-06 23:19:20,440 | INFO | ft09-0d8bbf25 - ACTION6: count 18, levels completed 0, avg fps 26.47)
2026-04-06 23:19:20,474 | INFO | ft09-0d8bbf25 - ACTION4: count 19, levels completed 0, avg fps 26.39)
2026-04-06 23:19:20,502 | INFO | ft09-0d8bbf25 - ACTION4: count 20, levels completed 0, avg fps 26.67)
2026-04-06 23:19:20,542 | INFO | ft09-0d8bbf25 - ACTION3: count 21, levels completed 0, avg fps 26.92)
2026-04-06 23:19:20,566 | INFO | ft09-0d8bbf25 - ACTION2: count 22, levels completed 0, avg fps 27.16)
2026-04-06 23:19:20,621 | INFO | ft09-0d8bbf25 - ACTION6: count 23, levels completed 0, avg fps 26.74)
2026-04-06 23:19:20,648 | INFO | ft09-0d8bbf25 - ACTION1: count 24, levels completed 0, avg fps 26.97)
2026-04-06 23:19:20,687 | INFO | ft09-0d8bbf25 - ACTION1: count 25, levels completed 0, avg fps 26.88)
2026-04-06 23:19:20,725 | INFO | ft09-0d8bbf25 - ACTION7: count 26, levels completed 0, avg fps 26.8)
2026-04-06 23:19:20,765 | INFO | ft09-0d8bbf25 - ACTION4: count 27, levels completed 0, avg fps 26.73)
2026-04-06 23:19:20,787 | INFO | ft09-0d8bbf25 - ACTION2: count 28, levels completed 0, avg fps 27.18)
2026-04-06 23:19:20,829 | INFO | ft09-0d8bbf25 - ACTION4: count 29, levels completed 0, avg fps 27.1)
2026-04-06 23:19:20,866 | INFO | ft09-0d8bbf25 - ACTION4: count 30, levels completed 0, avg fps 27.03)
2026-04-06 23:19:20,905 | INFO | ft09-0d8bbf25 - ACTION4: count 31, levels completed 0, avg fps 26.96)
2026-04-06 23:19:20,946 | INFO | ft09-0d8bbf25 - ACTION2: count 32, levels completed 0, avg fps 26.89)
2026-04-06 23:19:20,968 | INFO | ft09-0d8bbf25 - ACTION4: count 33, levels completed 0, avg fps 27.27)
2026-04-06 23:19:20,995 | INFO | ft09-0d8bbf25 - ACTION3: count 34, levels completed 0, avg fps 27.42)
2026-04-06 23:19:21,016 | INFO | ft09-0d8bbf25 - ACTION5: count 35, levels completed 0, avg fps 27.78)
2026-04-06 23:19:21,044 | INFO | ft09-0d8bbf25 - ACTION2: count 36, levels completed 0, avg fps 27.91)
2026-04-06 23:19:21,067 | INFO | ft09-0d8bbf25 - ACTION5: count 37, levels completed 0, avg fps 28.24)
2026-04-06 23:19:21,094 | INFO | ft09-0d8bbf25 - ACTION1: count 38, levels completed 0, avg fps 28.36)
2026-04-06 23:19:21,121 | INFO | ft09-0d8bbf25 - RESET: count 39, levels completed 0, avg fps 28.68)
2026-04-06 23:19:21,148 | INFO | ft09-0d8bbf25 - ACTION1: count 40, levels completed 0, avg fps 28.78)
2026-04-06 23:19:21,175 | INFO | ft09-0d8bbf25 - ACTION1: count 41, levels completed 0, avg fps 28.87)
2026-04-06 23:19:21,200 | INFO | ft09-0d8bbf25 - ACTION7: count 42, levels completed 0, avg fps 29.17)
2026-04-06 23:19:21,224 | INFO | ft09-0d8bbf25 - ACTION3: count 43, levels completed 0, avg fps 29.25)
2026-04-06 23:19:21,246 | INFO | ft09-0d8bbf25 - ACTION7: count 44, levels completed 0, avg fps 29.53)
2026-04-06 23:19:21,273 | INFO | ft09-0d8bbf25 - ACTION4: count 45, levels completed 0, avg fps 29.61)
2026-04-06 23:19:21,300 | INFO | ft09-0d8bbf25 - ACTION3: count 46, levels completed 0, avg fps 29.87)
2026-04-06 23:19:21,324 | INFO | ft09-0d8bbf25 - ACTION4: count 47, levels completed 0, avg fps 29.94)
2026-04-06 23:19:21,377 | INFO | ft09-0d8bbf25 - ACTION6: count 48, levels completed 0, avg fps 29.63)
2026-04-06 23:19:21,404 | INFO | ft09-0d8bbf25 - ACTION1: count 49, levels completed 0, avg fps 29.7)
2026-04-06 23:19:21,429 | INFO | ft09-0d8bbf25 - ACTION1: count 50, levels completed 0, avg fps 29.94)
2026-04-06 23:19:21,454 | INFO | ft09-0d8bbf25 - ACTION5: count 51, levels completed 0, avg fps 30.0)
2026-04-06 23:19:21,481 | INFO | ft09-0d8bbf25 - ACTION7: count 52, levels completed 0, avg fps 30.23)
2026-04-06 23:19:21,510 | INFO | ft09-0d8bbf25 - ACTION3: count 53, levels completed 0, avg fps 30.29)
2026-04-06 23:19:21,536 | INFO | ft09-0d8bbf25 - ACTION1: count 54, levels completed 0, avg fps 30.34)
2026-04-06 23:19:21,558 | INFO | ft09-0d8bbf25 - ACTION3: count 55, levels completed 0, avg fps 30.56)
2026-04-06 23:19:21,586 | INFO | ft09-0d8bbf25 - ACTION2: count 56, levels completed 0, avg fps 30.6)
2026-04-06 23:19:21,611 | INFO | ft09-0d8bbf25 - ACTION2: count 57, levels completed 0, avg fps 30.81)
2026-04-06 23:19:21,635 | INFO | ft09-0d8bbf25 - ACTION1: count 58, levels completed 0, avg fps 30.85)
2026-04-06 23:19:21,662 | INFO | ft09-0d8bbf25 - ACTION7: count 59, levels completed 0, avg fps 31.05)
2026-04-06 23:19:21,687 | INFO | ft09-0d8bbf25 - ACTION3: count 60, levels completed 0, avg fps 31.09)
2026-04-06 23:19:21,710 | INFO | ft09-0d8bbf25 - ACTION4: count 61, levels completed 0, avg fps 31.28)
2026-04-06 23:19:21,735 | INFO | ft09-0d8bbf25 - ACTION5: count 62, levels completed 0, avg fps 31.31)
2026-04-06 23:19:21,780 | INFO | ft09-0d8bbf25 - ACTION6: count 63, levels completed 0, avg fps 31.19)
2026-04-06 23:19:21,810 | INFO | ft09-0d8bbf25 - ACTION5: count 64, levels completed 0, avg fps 31.22)
2026-04-06 23:19:21,834 | INFO | ft09-0d8bbf25 - ACTION1: count 65, levels completed 0, avg fps 31.25)
2026-04-06 23:19:21,859 | INFO | ft09-0d8bbf25 - ACTION7: count 66, levels completed 0, avg fps 31.43)
2026-04-06 23:19:21,884 | INFO | ft09-0d8bbf25 - ACTION5: count 67, levels completed 0, avg fps 31.46)
2026-04-06 23:19:21,905 | INFO | ft09-0d8bbf25 - ACTION1: count 68, levels completed 0, avg fps 31.63)
2026-04-06 23:19:21,954 | INFO | ft09-0d8bbf25 - ACTION5: count 69, levels completed 0, avg fps 31.36)
2026-04-06 23:19:21,981 | INFO | ft09-0d8bbf25 - ACTION4: count 70, levels completed 0, avg fps 31.53)
2026-04-06 23:19:22,002 | INFO | ft09-0d8bbf25 - ACTION4: count 71, levels completed 0, avg fps 31.56)
2026-04-06 23:19:22,052 | INFO | ft09-0d8bbf25 - ACTION6: count 72, levels completed 0, avg fps 31.3)
2026-04-06 23:19:22,099 | INFO | ft09-0d8bbf25 - ACTION6: count 73, levels completed 0, avg fps 31.2)
2026-04-06 23:19:22,125 | INFO | ft09-0d8bbf25 - ACTION3: count 74, levels completed 0, avg fps 31.22)
2026-04-06 23:19:22,148 | INFO | ft09-0d8bbf25 - ACTION3: count 75, levels completed 0, avg fps 31.38)
2026-04-06 23:19:22,176 | INFO | ft09-0d8bbf25 - RESET: count 76, levels completed 0, avg fps 31.4)
2026-04-06 23:19:22,203 | INFO | ft09-0d8bbf25 - ACTION7: count 77, levels completed 0, avg fps 31.43)
2026-04-06 23:19:22,227 | INFO | ft09-0d8bbf25 - ACTION5: count 78, levels completed 0, avg fps 31.58)
2026-04-06 23:19:22,252 | INFO | ft09-0d8bbf25 - ACTION1: count 79, levels completed 0, avg fps 31.6)
2026-04-06 23:19:22,279 | INFO | ft09-0d8bbf25 - ACTION3: count 80, levels completed 0, avg fps 31.75)
2026-04-06 23:19:22,279 | INFO | recording for ft09-0d8bbf25.random.80 is available in recordings\ft09-0d8bbf25.random.80.48910019-96ee-4d4b-95b5-f256facdaf9b.recording.jsonl
2026-04-06 23:19:22,279 | INFO | Exiting: agent reached MAX_ACTIONS of 80, took 2.52 seconds (32.14 average fps)
2026-04-06 23:19:22 | INFO | Closed scorecard: 5c13119a-b4b8-4ecc-8f41-82f60a2f7513
2026-04-06 23:19:22,300 | INFO | Closed scorecard: 5c13119a-b4b8-4ecc-8f41-82f60a2f7513
2026-04-06 23:19:22,301 | INFO | --- FINAL SCORECARD REPORT ---
2026-04-06 23:19:22,301 | INFO | {
  "source_url": null,
  "tags": [
    "baseline",
    "agent",
    "random"
  ],
  "opaque": null,
  "card_id": "5c13119a-b4b8-4ecc-8f41-82f60a2f7513",
  "api_key": null,
  "score": 0.0,
  "environments": [
    {
      "id": "ft09-0d8bbf25",
      "runs": [
        {
          "id": null,
          "guid": "e629e8be-d7ae-4eaa-b203-ae5c2ec503af",
          "score": 0.0,
          "levels_completed": 0,
          "actions": 81,
          "resets": 2,
          "state": "GAME_OVER",
          "completed": false,
          "level_scores": [
            0.0,
            0.0,
            0.0,
            0.0,
            0.0,
            0.0
          ],
          "level_actions": [
            81,
            0,
            0,
            0,
            0,
            0
          ],
          "level_baseline_actions": [
            17,
            19,
            15,
            21,
            65,
            26
          ],
          "number_of_levels": null,
          "number_of_environments": 0,
          "message": null
        }
      ],
      "score": 0.0,
      "actions": 81,
      "levels_completed": 0,
      "completed": false,
      "level_count": 6,
      "resets": 2
    }
  ],
  "tags_scores": [],
  "total_environments_completed": 0,
  "total_environments": 1,
  "total_levels_completed": 0,
  "total_levels": 6,
  "total_actions": 81
}
2026-04-06 23:19:22,301 | INFO | View your scorecard online: https://three.arcprize.org/scorecards/5c13119a-b4b8-4ecc-8f41-82f60a2f7513
