Downloading cpython-3.12.12-windows-x86_64-none (download) (20.8MiB)
 Downloaded cpython-3.12.12-windows-x86_64-none (download)
Using CPython 3.12.12
Creating virtual environment at: .venv
Downloading virtualenv (5.8MiB)
Downloading matplotlib (7.8MiB)
Downloading pillow (6.7MiB)
Downloading numpy (12.2MiB)
Downloading fonttools (2.2MiB)
Downloading pydantic-core (1.9MiB)
Downloading mypy (9.1MiB)
Downloading sqlalchemy (2.0MiB)
Downloading ruff (12.3MiB)
 Downloaded pydantic-core
 Downloaded sqlalchemy
 Downloaded fonttools
 Downloaded virtualenv
 Downloaded pillow
 Downloaded ruff
 Downloaded matplotlib
 Downloaded numpy
 Downloaded mypy
warning: Failed to hardlink files; falling back to full copy. This may lead to degraded performance.
         If the cache and target directories are on different filesystems, hardlinking may not be supported.
         If this is intentional, set `export UV_LINK_MODE=copy` or use `--link-mode=copy` to suppress this warning.
Installed 86 packages in 5.61s
https://three.arcprize.org/api/games
2026-04-06 23:19:08,553 | INFO | Game list: ['ls20-9607627b']
2026-04-06 23:19:08 | INFO | Successfully fetched 25 environment(s) from API
2026-04-06 23:19:08,593 | INFO | Successfully fetched 25 environment(s) from API
***** MAKING SCORECARD
{"card_id":"19865133-7eed-4455-b2d1-c1e4520bc1ad"}

{'card_id': '19865133-7eed-4455-b2d1-c1e4520bc1ad'}
2026-04-06 23:19:08 | INFO | Created new scorecard: 19865133-7eed-4455-b2d1-c1e4520bc1ad
2026-04-06 23:19:08,690 | INFO | Created new scorecard: 19865133-7eed-4455-b2d1-c1e4520bc1ad
***** MAKING ALL AGENTS with card id: 19865133-7eed-4455-b2d1-c1e4520bc1ad
2026-04-06 23:19:08 | INFO | Successfully fetched metadata for game ls20
2026-04-06 23:19:08,727 | INFO | Successfully fetched metadata for game ls20
2026-04-06 23:19:08 | INFO | Successfully reset game ls20-9607627b, guid=12270c7c-577f-46a9-8713-b22870b5b64d, scorecard_id=19865133-7eed-4455-b2d1-c1e4520bc1ad
2026-04-06 23:19:08,818 | INFO | Successfully reset game ls20-9607627b, guid=12270c7c-577f-46a9-8713-b22870b5b64d, scorecard_id=19865133-7eed-4455-b2d1-c1e4520bc1ad
2026-04-06 23:19:08,818 | INFO | created new recording for ls20-9607627b.random.80 into recordings\ls20-9607627b.random.80.524bf28b-7f5e-4a3e-9d3c-de61ead8241d.recording.jsonl
2026-04-06 23:19:08,849 | INFO | ls20-9607627b - ACTION2: count 0, levels completed 0, avg fps 0.0)
2026-04-06 23:19:08,885 | INFO | ls20-9607627b - ACTION3: count 1, levels completed 0, avg fps 10.0)
2026-04-06 23:19:08,931 | INFO | ls20-9607627b - ACTION5: count 2, levels completed 0, avg fps 18.18)
2026-04-06 23:19:08,959 | INFO | ls20-9607627b - ACTION1: count 3, levels completed 0, avg fps 23.08)
2026-04-06 23:19:08,982 | INFO | ls20-9607627b - ACTION7: count 4, levels completed 0, avg fps 25.0)
2026-04-06 23:19:09,013 | INFO | ls20-9607627b - ACTION6: count 5, levels completed 0, avg fps 26.32)
2026-04-06 23:19:09,052 | INFO | ls20-9607627b - ACTION1: count 6, levels completed 0, avg fps 26.09)
2026-04-06 23:19:09,092 | INFO | ls20-9607627b - ACTION6: count 7, levels completed 0, avg fps 25.93)
2026-04-06 23:19:09,127 | INFO | ls20-9607627b - ACTION6: count 8, levels completed 0, avg fps 26.67)
2026-04-06 23:19:09,168 | INFO | ls20-9607627b - ACTION5: count 9, levels completed 0, avg fps 26.47)
2026-04-06 23:19:09,196 | INFO | ls20-9607627b - ACTION7: count 10, levels completed 0, avg fps 27.03)
2026-04-06 23:19:09,218 | INFO | ls20-9607627b - ACTION1: count 11, levels completed 0, avg fps 28.21)
2026-04-06 23:19:09,259 | INFO | ls20-9607627b - ACTION6: count 12, levels completed 0, avg fps 27.91)
2026-04-06 23:19:09,301 | INFO | ls20-9607627b - ACTION3: count 13, levels completed 0, avg fps 27.08)
2026-04-06 23:19:09,336 | INFO | ls20-9607627b - ACTION3: count 14, levels completed 0, avg fps 27.45)
2026-04-06 23:19:09,380 | INFO | ls20-9607627b - ACTION4: count 15, levels completed 0, avg fps 26.79)
2026-04-06 23:19:09,406 | INFO | ls20-9607627b - ACTION3: count 16, levels completed 0, avg fps 27.59)
2026-04-06 23:19:09,445 | INFO | ls20-9607627b - ACTION3: count 17, levels completed 0, avg fps 27.42)
2026-04-06 23:19:09,489 | INFO | ls20-9607627b - ACTION4: count 18, levels completed 0, avg fps 27.27)
2026-04-06 23:19:09,527 | INFO | ls20-9607627b - ACTION5: count 19, levels completed 0, avg fps 27.14)
2026-04-06 23:19:09,565 | INFO | ls20-9607627b - ACTION7: count 20, levels completed 0, avg fps 27.03)
2026-04-06 23:19:09,592 | INFO | ls20-9607627b - ACTION5: count 21, levels completed 0, avg fps 27.27)
2026-04-06 23:19:09,619 | INFO | ls20-9607627b - ACTION3: count 22, levels completed 0, avg fps 27.85)
2026-04-06 23:19:09,655 | INFO | ls20-9607627b - ACTION6: count 23, levels completed 0, avg fps 27.71)
2026-04-06 23:19:09,697 | INFO | ls20-9607627b - ACTION7: count 24, levels completed 0, avg fps 27.59)
2026-04-06 23:19:09,724 | INFO | ls20-9607627b - ACTION3: count 25, levels completed 0, avg fps 27.78)
2026-04-06 23:19:09,752 | INFO | ls20-9607627b - ACTION7: count 26, levels completed 0, avg fps 27.96)
2026-04-06 23:19:09,778 | INFO | ls20-9607627b - ACTION3: count 27, levels completed 0, avg fps 28.42)
2026-04-06 23:19:09,805 | INFO | ls20-9607627b - ACTION2: count 28, levels completed 0, avg fps 28.57)
2026-04-06 23:19:09,829 | INFO | ls20-9607627b - ACTION2: count 29, levels completed 0, avg fps 29.0)
2026-04-06 23:19:09,860 | INFO | ls20-9607627b - ACTION4: count 30, levels completed 0, avg fps 29.13)
2026-04-06 23:19:09,898 | INFO | ls20-9607627b - ACTION7: count 31, levels completed 0, avg fps 28.97)
2026-04-06 23:19:09,926 | INFO | ls20-9607627b - ACTION6: count 32, levels completed 0, avg fps 29.09)
2026-04-06 23:19:09,963 | INFO | ls20-9607627b - ACTION7: count 33, levels completed 0, avg fps 28.95)
2026-04-06 23:19:09,988 | INFO | ls20-9607627b - ACTION2: count 34, levels completed 0, avg fps 29.31)
2026-04-06 23:19:10,014 | INFO | ls20-9607627b - ACTION4: count 35, levels completed 0, avg fps 29.41)
2026-04-06 23:19:10,040 | INFO | ls20-9607627b - ACTION4: count 36, levels completed 0, avg fps 29.75)
2026-04-06 23:19:10,064 | INFO | ls20-9607627b - ACTION1: count 37, levels completed 0, avg fps 29.84)
2026-04-06 23:19:10,091 | INFO | ls20-9607627b - ACTION2: count 38, levels completed 0, avg fps 29.92)
2026-04-06 23:19:10,115 | INFO | ls20-9607627b - ACTION4: count 39, levels completed 0, avg fps 30.23)
2026-04-06 23:19:10,142 | INFO | ls20-9607627b - ACTION3: count 40, levels completed 0, avg fps 30.3)
2026-04-06 23:19:10,161 | INFO | ls20-9607627b - ACTION1: count 41, levels completed 0, avg fps 30.6)
2026-04-06 23:19:10,193 | INFO | ls20-9607627b - ACTION4: count 42, levels completed 0, avg fps 30.66)
2026-04-06 23:19:10,217 | INFO | ls20-9607627b - ACTION6: count 43, levels completed 0, avg fps 30.94)
2026-04-06 23:19:10,244 | INFO | ls20-9607627b - ACTION1: count 44, levels completed 0, avg fps 30.99)
2026-04-06 23:19:10,266 | INFO | ls20-9607627b - ACTION5: count 45, levels completed 0, avg fps 31.25)
2026-04-06 23:19:10,299 | INFO | ls20-9607627b - ACTION7: count 46, levels completed 0, avg fps 31.29)
2026-04-06 23:19:10,322 | INFO | ls20-9607627b - ACTION2: count 47, levels completed 0, avg fps 31.33)
2026-04-06 23:19:10,349 | INFO | ls20-9607627b - ACTION3: count 48, levels completed 0, avg fps 31.58)
2026-04-06 23:19:10,378 | INFO | ls20-9607627b - ACTION7: count 49, levels completed 0, avg fps 31.61)
2026-04-06 23:19:10,405 | INFO | ls20-9607627b - ACTION7: count 50, levels completed 0, avg fps 31.65)
2026-04-06 23:19:10,432 | INFO | ls20-9607627b - ACTION3: count 51, levels completed 0, avg fps 31.68)
2026-04-06 23:19:10,455 | INFO | ls20-9607627b - ACTION2: count 52, levels completed 0, avg fps 31.9)
2026-04-06 23:19:10,485 | INFO | ls20-9607627b - ACTION1: count 53, levels completed 0, avg fps 31.93)
2026-04-06 23:19:10,512 | INFO | ls20-9607627b - ACTION1: count 54, levels completed 0, avg fps 31.95)
2026-04-06 23:19:10,538 | INFO | ls20-9607627b - ACTION5: count 55, levels completed 0, avg fps 32.16)
2026-04-06 23:19:10,563 | INFO | ls20-9607627b - ACTION3: count 56, levels completed 0, avg fps 32.18)
2026-04-06 23:19:10,589 | INFO | ls20-9607627b - ACTION3: count 57, levels completed 0, avg fps 32.39)
2026-04-06 23:19:10,614 | INFO | ls20-9607627b - ACTION4: count 58, levels completed 0, avg fps 32.4)
2026-04-06 23:19:10,641 | INFO | ls20-9607627b - ACTION5: count 59, levels completed 0, avg fps 32.42)
2026-04-06 23:19:10,671 | INFO | ls20-9607627b - ACTION2: count 60, levels completed 0, avg fps 32.43)
2026-04-06 23:19:10,699 | INFO | ls20-9607627b - ACTION6: count 61, levels completed 0, avg fps 32.62)
2026-04-06 23:19:10,725 | INFO | ls20-9607627b - ACTION3: count 62, levels completed 0, avg fps 32.63)
2026-04-06 23:19:10,751 | INFO | ls20-9607627b - ACTION6: count 63, levels completed 0, avg fps 32.64)
2026-04-06 23:19:10,779 | INFO | ls20-9607627b - ACTION4: count 64, levels completed 0, avg fps 32.82)
2026-04-06 23:19:10,804 | INFO | ls20-9607627b - ACTION5: count 65, levels completed 0, avg fps 32.83)
2026-04-06 23:19:10,830 | INFO | ls20-9607627b - ACTION6: count 66, levels completed 0, avg fps 33.0)
2026-04-06 23:19:10,856 | INFO | ls20-9607627b - ACTION6: count 67, levels completed 0, avg fps 33.0)
2026-04-06 23:19:10,878 | INFO | ls20-9607627b - ACTION4: count 68, levels completed 0, avg fps 33.17)
2026-04-06 23:19:10,907 | INFO | ls20-9607627b - ACTION1: count 69, levels completed 0, avg fps 33.17)
2026-04-06 23:19:10,933 | INFO | ls20-9607627b - ACTION3: count 70, levels completed 0, avg fps 33.18)
2026-04-06 23:19:10,996 | INFO | ls20-9607627b - ACTION2: count 71, levels completed 0, avg fps 32.72)
2026-04-06 23:19:11,024 | INFO | ls20-9607627b - ACTION4: count 72, levels completed 0, avg fps 32.73)
2026-04-06 23:19:11,050 | INFO | ls20-9607627b - ACTION1: count 73, levels completed 0, avg fps 32.74)
2026-04-06 23:19:11,078 | INFO | ls20-9607627b - ACTION6: count 74, levels completed 0, avg fps 32.89)
2026-04-06 23:19:11,103 | INFO | ls20-9607627b - ACTION1: count 75, levels completed 0, avg fps 32.89)
2026-04-06 23:19:11,129 | INFO | ls20-9607627b - ACTION6: count 76, levels completed 0, avg fps 33.04)
2026-04-06 23:19:11,156 | INFO | ls20-9607627b - ACTION5: count 77, levels completed 0, avg fps 33.05)
2026-04-06 23:19:11,185 | INFO | ls20-9607627b - ACTION4: count 78, levels completed 0, avg fps 33.05)
2026-04-06 23:19:11,209 | INFO | ls20-9607627b - ACTION2: count 79, levels completed 0, avg fps 33.19)
2026-04-06 23:19:11,237 | INFO | ls20-9607627b - ACTION4: count 80, levels completed 0, avg fps 33.2)
2026-04-06 23:19:11,237 | INFO | recording for ls20-9607627b.random.80 is available in recordings\ls20-9607627b.random.80.524bf28b-7f5e-4a3e-9d3c-de61ead8241d.recording.jsonl
2026-04-06 23:19:11,237 | INFO | Exiting: agent reached MAX_ACTIONS of 80, took 2.41 seconds (33.61 average fps)
2026-04-06 23:19:11 | INFO | Closed scorecard: 19865133-7eed-4455-b2d1-c1e4520bc1ad
2026-04-06 23:19:11,259 | INFO | Closed scorecard: 19865133-7eed-4455-b2d1-c1e4520bc1ad
2026-04-06 23:19:11,259 | INFO | --- FINAL SCORECARD REPORT ---
2026-04-06 23:19:11,259 | INFO | {
  "source_url": null,
  "tags": [
    "baseline",
    "agent",
    "random"
  ],
  "opaque": null,
  "card_id": "19865133-7eed-4455-b2d1-c1e4520bc1ad",
  "api_key": null,
  "score": 0.0,
  "environments": [
    {
      "id": "ls20-9607627b",
      "runs": [
        {
          "id": null,
          "guid": "12270c7c-577f-46a9-8713-b22870b5b64d",
          "score": 0.0,
          "levels_completed": 0,
          "actions": 81,
          "resets": 0,
          "state": "NOT_FINISHED",
          "completed": false,
          "level_scores": [
            0.0,
            0.0,
            0.0,
            0.0,
            0.0,
            0.0,
            0.0
          ],
          "level_actions": [
            81,
            0,
            0,
            0,
            0,
            0,
            0
          ],
          "level_baseline_actions": [
            21,
            123,
            39,
            92,
            54,
            108,
            109
          ],
          "number_of_levels": null,
          "number_of_environments": 0,
          "message": null
        }
      ],
      "score": 0.0,
      "actions": 81,
      "levels_completed": 0,
      "completed": false,
      "level_count": 7,
      "resets": 0
    }
  ],
  "tags_scores": [
    {
      "id": "keyboard",
      "guid": null,
      "score": 0.0,
      "levels_completed": 0,
      "actions": 81,
      "resets": null,
      "state": null,
      "completed": null,
      "level_scores": null,
      "level_actions": null,
      "level_baseline_actions": null,
      "number_of_levels": 7,
      "number_of_environments": 1,
      "message": null
    }
  ],
  "total_environments_completed": 0,
  "total_environments": 1,
  "total_levels_completed": 0,
  "total_levels": 7,
  "total_actions": 81
}
2026-04-06 23:19:11,259 | INFO | View your scorecard online: https://three.arcprize.org/scorecards/19865133-7eed-4455-b2d1-c1e4520bc1ad
