https://three.arcprize.org/api/games
2026-04-07 11:29:45,414 | INFO | Game list: ['vc33-9851e02b']
2026-04-07 11:29:45 | INFO | Successfully fetched 25 environment(s) from API
2026-04-07 11:29:45,435 | INFO | Successfully fetched 25 environment(s) from API
***** MAKING SCORECARD
{"card_id":"e73654f7-cec5-45cb-8c1f-a5bb3ab5b697"}

{'card_id': 'e73654f7-cec5-45cb-8c1f-a5bb3ab5b697'}
2026-04-07 11:29:45 | INFO | Created new scorecard: e73654f7-cec5-45cb-8c1f-a5bb3ab5b697
2026-04-07 11:29:45,463 | INFO | Created new scorecard: e73654f7-cec5-45cb-8c1f-a5bb3ab5b697
***** MAKING ALL AGENTS with card id: e73654f7-cec5-45cb-8c1f-a5bb3ab5b697
2026-04-07 11:29:45 | INFO | Successfully fetched metadata for game vc33
2026-04-07 11:29:45,531 | INFO | Successfully fetched metadata for game vc33
2026-04-07 11:29:45 | INFO | Successfully reset game vc33-9851e02b, guid=3a8f4f0a-0eb4-4dc9-b0c3-9ec3ee90fd42, scorecard_id=e73654f7-cec5-45cb-8c1f-a5bb3ab5b697
2026-04-07 11:29:45,598 | INFO | Successfully reset game vc33-9851e02b, guid=3a8f4f0a-0eb4-4dc9-b0c3-9ec3ee90fd42, scorecard_id=e73654f7-cec5-45cb-8c1f-a5bb3ab5b697
2026-04-07 11:29:45,598 | INFO | created new recording for vc33-9851e02b.randomrecordactions.80 into recordings\vc33-9851e02b.randomrecordactions.80.a08f5374-be33-4897-8189-cc4912fcab2f.recording.jsonl
2026-04-07 11:29:45,631 | INFO | vc33-9851e02b - ACTION3: count 0, levels completed 0, avg fps 0.0)
2026-04-07 11:29:45,656 | INFO | vc33-9851e02b - ACTION7: count 1, levels completed 0, avg fps 10.0)
2026-04-07 11:29:45,685 | INFO | vc33-9851e02b - ACTION6: count 2, levels completed 0, avg fps 20.0)
2026-04-07 11:29:45,723 | INFO | vc33-9851e02b - ACTION7: count 3, levels completed 0, avg fps 25.0)
2026-04-07 11:29:45,745 | INFO | vc33-9851e02b - ACTION4: count 4, levels completed 0, avg fps 28.57)
2026-04-07 11:29:45,768 | INFO | vc33-9851e02b - ACTION4: count 5, levels completed 0, avg fps 29.41)
2026-04-07 11:29:45,806 | INFO | vc33-9851e02b - ACTION1: count 6, levels completed 0, avg fps 30.0)
2026-04-07 11:29:45,828 | INFO | vc33-9851e02b - ACTION7: count 7, levels completed 0, avg fps 30.43)
2026-04-07 11:29:45,862 | INFO | vc33-9851e02b - ACTION2: count 8, levels completed 0, avg fps 30.77)
2026-04-07 11:29:45,893 | INFO | vc33-9851e02b - ACTION3: count 9, levels completed 0, avg fps 31.03)
2026-04-07 11:29:45,928 | INFO | vc33-9851e02b - ACTION2: count 10, levels completed 0, avg fps 30.3)
2026-04-07 11:29:45,963 | INFO | vc33-9851e02b - ACTION3: count 11, levels completed 0, avg fps 30.56)
2026-04-07 11:29:45,990 | INFO | vc33-9851e02b - ACTION7: count 12, levels completed 0, avg fps 30.77)
2026-04-07 11:29:46,018 | INFO | vc33-9851e02b - ACTION4: count 13, levels completed 0, avg fps 30.95)
2026-04-07 11:29:46,046 | INFO | vc33-9851e02b - ACTION5: count 14, levels completed 0, avg fps 31.82)
2026-04-07 11:29:46,066 | INFO | vc33-9851e02b - ACTION7: count 15, levels completed 0, avg fps 32.61)
2026-04-07 11:29:46,102 | INFO | vc33-9851e02b - ACTION7: count 16, levels completed 0, avg fps 32.0)
2026-04-07 11:29:46,136 | INFO | vc33-9851e02b - ACTION2: count 17, levels completed 0, avg fps 32.08)
2026-04-07 11:29:46,158 | INFO | vc33-9851e02b - ACTION5: count 18, levels completed 0, avg fps 32.14)
2026-04-07 11:29:46,198 | INFO | vc33-9851e02b - ACTION6: count 19, levels completed 0, avg fps 31.67)
2026-04-07 11:29:46,234 | INFO | vc33-9851e02b - ACTION2: count 20, levels completed 0, avg fps 31.75)
2026-04-07 11:29:46,267 | INFO | vc33-9851e02b - ACTION7: count 21, levels completed 0, avg fps 31.82)
2026-04-07 11:29:46,301 | INFO | vc33-9851e02b - ACTION7: count 22, levels completed 0, avg fps 31.43)
2026-04-07 11:29:46,338 | INFO | vc33-9851e02b - ACTION3: count 23, levels completed 0, avg fps 31.08)
2026-04-07 11:29:46,366 | INFO | vc33-9851e02b - ACTION1: count 24, levels completed 0, avg fps 31.58)
2026-04-07 11:29:46,400 | INFO | vc33-9851e02b - ACTION1: count 25, levels completed 0, avg fps 31.25)
2026-04-07 11:29:46,427 | INFO | vc33-9851e02b - ACTION5: count 26, levels completed 0, avg fps 31.71)
2026-04-07 11:29:46,463 | INFO | vc33-9851e02b - ACTION3: count 27, levels completed 0, avg fps 31.4)
2026-04-07 11:29:46,499 | INFO | vc33-9851e02b - ACTION4: count 28, levels completed 0, avg fps 31.11)
2026-04-07 11:29:46,532 | INFO | vc33-9851e02b - ACTION1: count 29, levels completed 0, avg fps 31.18)
2026-04-07 11:29:46,567 | INFO | vc33-9851e02b - ACTION5: count 30, levels completed 0, avg fps 31.25)
2026-04-07 11:29:46,603 | INFO | vc33-9851e02b - ACTION4: count 31, levels completed 0, avg fps 31.0)
2026-04-07 11:29:46,623 | INFO | vc33-9851e02b - ACTION4: count 32, levels completed 0, avg fps 31.37)
2026-04-07 11:29:46,643 | INFO | vc33-9851e02b - ACTION1: count 33, levels completed 0, avg fps 31.73)
2026-04-07 11:29:46,667 | INFO | vc33-9851e02b - ACTION4: count 34, levels completed 0, avg fps 32.08)
2026-04-07 11:29:46,685 | INFO | vc33-9851e02b - ACTION2: count 35, levels completed 0, avg fps 32.41)
2026-04-07 11:29:46,724 | INFO | vc33-9851e02b - ACTION3: count 36, levels completed 0, avg fps 32.14)
2026-04-07 11:29:46,749 | INFO | vc33-9851e02b - ACTION5: count 37, levels completed 0, avg fps 32.17)
2026-04-07 11:29:46,772 | INFO | vc33-9851e02b - ACTION4: count 38, levels completed 0, avg fps 32.48)
2026-04-07 11:29:46,794 | INFO | vc33-9851e02b - ACTION5: count 39, levels completed 0, avg fps 32.77)
2026-04-07 11:29:46,815 | INFO | vc33-9851e02b - ACTION2: count 40, levels completed 0, avg fps 33.06)
2026-04-07 11:29:46,837 | INFO | vc33-9851e02b - ACTION7: count 41, levels completed 0, avg fps 33.33)
2026-04-07 11:29:46,859 | INFO | vc33-9851e02b - ACTION4: count 42, levels completed 0, avg fps 33.33)
2026-04-07 11:29:46,879 | INFO | vc33-9851e02b - ACTION3: count 43, levels completed 0, avg fps 33.59)
2026-04-07 11:29:46,900 | INFO | vc33-9851e02b - ACTION6: count 44, levels completed 0, avg fps 33.85)
2026-04-07 11:29:46,926 | INFO | vc33-9851e02b - ACTION2: count 45, levels completed 0, avg fps 34.09)
2026-04-07 11:29:46,942 | INFO | vc33-9851e02b - ACTION7: count 46, levels completed 0, avg fps 34.33)
2026-04-07 11:29:46,967 | INFO | vc33-9851e02b - ACTION3: count 47, levels completed 0, avg fps 34.56)
2026-04-07 11:29:46,991 | INFO | vc33-9851e02b - ACTION2: count 48, levels completed 0, avg fps 34.53)
2026-04-07 11:29:47,011 | INFO | vc33-9851e02b - ACTION7: count 49, levels completed 0, avg fps 34.75)
2026-04-07 11:29:47,037 | INFO | vc33-9851e02b - ACTION1: count 50, levels completed 0, avg fps 34.97)
2026-04-07 11:29:47,060 | INFO | vc33-9851e02b - ACTION7: count 51, levels completed 0, avg fps 34.93)
2026-04-07 11:29:47,083 | INFO | vc33-9851e02b - ACTION2: count 52, levels completed 0, avg fps 35.14)
2026-04-07 11:29:47,104 | INFO | vc33-9851e02b - ACTION3: count 53, levels completed 0, avg fps 35.33)
2026-04-07 11:29:47,127 | INFO | vc33-9851e02b - ACTION6: count 54, levels completed 0, avg fps 35.53)
2026-04-07 11:29:47,152 | INFO | vc33-9851e02b - ACTION1: count 55, levels completed 0, avg fps 35.48)
2026-04-07 11:29:47,172 | INFO | vc33-9851e02b - ACTION5: count 56, levels completed 0, avg fps 35.67)
2026-04-07 11:29:47,194 | INFO | vc33-9851e02b - ACTION4: count 57, levels completed 0, avg fps 35.85)
2026-04-07 11:29:47,219 | INFO | vc33-9851e02b - ACTION4: count 58, levels completed 0, avg fps 35.8)
2026-04-07 11:29:47,240 | INFO | vc33-9851e02b - ACTION5: count 59, levels completed 0, avg fps 35.98)
2026-04-07 11:29:47,264 | INFO | vc33-9851e02b - ACTION1: count 60, levels completed 0, avg fps 36.14)
2026-04-07 11:29:47,280 | INFO | vc33-9851e02b - ACTION2: count 61, levels completed 0, avg fps 36.31)
2026-04-07 11:29:47,306 | INFO | vc33-9851e02b - ACTION7: count 62, levels completed 0, avg fps 36.47)
2026-04-07 11:29:47,328 | INFO | vc33-9851e02b - ACTION6: count 63, levels completed 0, avg fps 36.42)
2026-04-07 11:29:47,354 | INFO | vc33-9851e02b - ACTION3: count 64, levels completed 0, avg fps 36.57)
2026-04-07 11:29:47,374 | INFO | vc33-9851e02b - ACTION4: count 65, levels completed 0, avg fps 36.72)
2026-04-07 11:29:47,390 | INFO | vc33-9851e02b - ACTION1: count 66, levels completed 0, avg fps 36.87)
2026-04-07 11:29:47,416 | INFO | vc33-9851e02b - ACTION2: count 67, levels completed 0, avg fps 37.02)
2026-04-07 11:29:47,437 | INFO | vc33-9851e02b - ACTION2: count 68, levels completed 0, avg fps 37.16)
2026-04-07 11:29:47,457 | INFO | vc33-9851e02b - ACTION6: count 69, levels completed 0, avg fps 37.3)
2026-04-07 11:29:47,483 | INFO | vc33-9851e02b - ACTION4: count 70, levels completed 0, avg fps 37.23)
2026-04-07 11:29:47,504 | INFO | vc33-9851e02b - ACTION2: count 71, levels completed 0, avg fps 37.37)
2026-04-07 11:29:47,525 | INFO | vc33-9851e02b - ACTION5: count 72, levels completed 0, avg fps 37.5)
2026-04-07 11:29:47,546 | INFO | vc33-9851e02b - ACTION3: count 73, levels completed 0, avg fps 37.63)
2026-04-07 11:29:47,565 | INFO | vc33-9851e02b - ACTION2: count 74, levels completed 0, avg fps 37.76)
2026-04-07 11:29:47,589 | INFO | vc33-9851e02b - ACTION6: count 75, levels completed 0, avg fps 37.69)
2026-04-07 11:29:47,609 | INFO | vc33-9851e02b - ACTION5: count 76, levels completed 0, avg fps 37.81)
2026-04-07 11:29:47,630 | INFO | vc33-9851e02b - ACTION4: count 77, levels completed 0, avg fps 37.93)
2026-04-07 11:29:47,650 | INFO | vc33-9851e02b - ACTION5: count 78, levels completed 0, avg fps 38.05)
2026-04-07 11:29:47,671 | INFO | vc33-9851e02b - ACTION1: count 79, levels completed 0, avg fps 38.16)
2026-04-07 11:29:47,696 | INFO | vc33-9851e02b - ACTION4: count 80, levels completed 0, avg fps 38.28)
2026-04-07 11:29:47,697 | INFO | recording for vc33-9851e02b.randomrecordactions.80 is available in recordings\vc33-9851e02b.randomrecordactions.80.a08f5374-be33-4897-8189-cc4912fcab2f.recording.jsonl
2026-04-07 11:29:47,697 | INFO | Exiting: agent reached MAX_ACTIONS of 80, took 2.09 seconds (38.76 average fps)
2026-04-07 11:29:47 | INFO | Closed scorecard: e73654f7-cec5-45cb-8c1f-a5bb3ab5b697
2026-04-07 11:29:47,716 | INFO | Closed scorecard: e73654f7-cec5-45cb-8c1f-a5bb3ab5b697
2026-04-07 11:29:47,716 | INFO | --- FINAL SCORECARD REPORT ---
2026-04-07 11:29:47,716 | INFO | {
  "source_url": null,
  "tags": [
    "arc3-neurosym-phase-b",
    "agent",
    "randomrecordactions"
  ],
  "opaque": null,
  "card_id": "e73654f7-cec5-45cb-8c1f-a5bb3ab5b697",
  "api_key": null,
  "score": 0.0,
  "environments": [
    {
      "id": "vc33-9851e02b",
      "runs": [
        {
          "id": null,
          "guid": "bbd404a3-5760-4c65-b728-dc6121c1b652",
          "score": 0.0,
          "levels_completed": 0,
          "actions": 81,
          "resets": 0,
          "state": "NOT_FINISHED",
          "completed": false,
          "level_scores": [
            0.0,
            0.0,
            0.0,
            0.0,
            0.0,
            0.0,
            0.0
          ],
          "level_actions": [
            81,
            0,
            0,
            0,
            0,
            0,
            0
          ],
          "level_baseline_actions": [
            6,
            13,
            31,
            59,
            92,
            24,
            82
          ],
          "number_of_levels": null,
          "number_of_environments": 0,
          "message": null
        }
      ],
      "score": 0.0,
      "actions": 81,
      "levels_completed": 0,
      "completed": false,
      "level_count": 7,
      "resets": 0
    }
  ],
  "tags_scores": [
    {
      "id": "click",
      "guid": null,
      "score": 0.0,
      "levels_completed": 0,
      "actions": 81,
      "resets": null,
      "state": null,
      "completed": null,
      "level_scores": null,
      "level_actions": null,
      "level_baseline_actions": null,
      "number_of_levels": 7,
      "number_of_environments": 1,
      "message": null
    }
  ],
  "total_environments_completed": 0,
  "total_environments": 1,
  "total_levels_completed": 0,
  "total_levels": 7,
  "total_actions": 81
}
2026-04-07 11:29:47,716 | INFO | View your scorecard online: https://three.arcprize.org/scorecards/e73654f7-cec5-45cb-8c1f-a5bb3ab5b697
