https://three.arcprize.org/api/games
2026-04-07 13:12:33,101 | INFO | Game list: ['ls20-9607627b']
2026-04-07 13:12:33 | INFO | Successfully fetched 25 environment(s) from API
2026-04-07 13:12:33,136 | INFO | Successfully fetched 25 environment(s) from API
***** MAKING SCORECARD
{"card_id":"b38ba30b-e9bd-45d9-8269-8151ee6b53bb"}

{'card_id': 'b38ba30b-e9bd-45d9-8269-8151ee6b53bb'}
2026-04-07 13:12:33 | INFO | Created new scorecard: b38ba30b-e9bd-45d9-8269-8151ee6b53bb
2026-04-07 13:12:33,187 | INFO | Created new scorecard: b38ba30b-e9bd-45d9-8269-8151ee6b53bb
***** MAKING ALL AGENTS with card id: b38ba30b-e9bd-45d9-8269-8151ee6b53bb
2026-04-07 13:12:33 | INFO | Successfully fetched metadata for game ls20
2026-04-07 13:12:33,222 | INFO | Successfully fetched metadata for game ls20
2026-04-07 13:12:33 | INFO | Successfully reset game ls20-9607627b, guid=0af2ea51-bedd-4b16-a54d-6a1c8a709020, scorecard_id=b38ba30b-e9bd-45d9-8269-8151ee6b53bb
2026-04-07 13:12:33,321 | INFO | Successfully reset game ls20-9607627b, guid=0af2ea51-bedd-4b16-a54d-6a1c8a709020, scorecard_id=b38ba30b-e9bd-45d9-8269-8151ee6b53bb
2026-04-07 13:12:33,322 | INFO | created new recording for ls20-9607627b.randomrecordactions.80 into recordings\ls20-9607627b.randomrecordactions.80.0da7cd91-03f6-4de1-9bef-eb0a532c96e1.recording.jsonl
2026-04-07 13:12:33,347 | INFO | ls20-9607627b - ACTION1: count 0, levels completed 0, avg fps 0.0)
2026-04-07 13:12:33,390 | INFO | ls20-9607627b - ACTION4: count 1, levels completed 0, avg fps 10.0)
2026-04-07 13:12:33,429 | INFO | ls20-9607627b - ACTION2: count 2, levels completed 0, avg fps 20.0)
2026-04-07 13:12:33,457 | INFO | ls20-9607627b - ACTION4: count 3, levels completed 0, avg fps 23.08)
2026-04-07 13:12:33,493 | INFO | ls20-9607627b - ACTION3: count 4, levels completed 0, avg fps 23.53)
2026-04-07 13:12:33,537 | INFO | ls20-9607627b - ACTION2: count 5, levels completed 0, avg fps 23.81)
2026-04-07 13:12:33,576 | INFO | ls20-9607627b - ACTION1: count 6, levels completed 0, avg fps 24.0)
2026-04-07 13:12:33,618 | INFO | ls20-9607627b - ACTION3: count 7, levels completed 0, avg fps 24.14)
2026-04-07 13:12:33,663 | INFO | ls20-9607627b - ACTION3: count 8, levels completed 0, avg fps 23.53)
2026-04-07 13:12:33,700 | INFO | ls20-9607627b - ACTION3: count 9, levels completed 0, avg fps 24.32)
2026-04-07 13:12:33,755 | INFO | ls20-9607627b - ACTION4: count 10, levels completed 0, avg fps 23.26)
2026-04-07 13:12:33,781 | INFO | ls20-9607627b - ACTION1: count 11, levels completed 0, avg fps 24.44)
2026-04-07 13:12:33,819 | INFO | ls20-9607627b - ACTION4: count 12, levels completed 0, avg fps 24.49)
2026-04-07 13:12:33,860 | INFO | ls20-9607627b - ACTION4: count 13, levels completed 0, avg fps 24.53)
2026-04-07 13:12:33,901 | INFO | ls20-9607627b - ACTION2: count 14, levels completed 0, avg fps 24.56)
2026-04-07 13:12:33,937 | INFO | ls20-9607627b - ACTION1: count 15, levels completed 0, avg fps 24.59)
2026-04-07 13:12:33,970 | INFO | ls20-9607627b - ACTION4: count 16, levels completed 0, avg fps 25.0)
2026-04-07 13:12:34,006 | INFO | ls20-9607627b - ACTION1: count 17, levels completed 0, avg fps 25.0)
2026-04-07 13:12:34,049 | INFO | ls20-9607627b - ACTION1: count 18, levels completed 0, avg fps 25.0)
2026-04-07 13:12:34,090 | INFO | ls20-9607627b - ACTION4: count 19, levels completed 0, avg fps 25.0)
2026-04-07 13:12:34,133 | INFO | ls20-9607627b - ACTION4: count 20, levels completed 0, avg fps 24.69)
2026-04-07 13:12:34,160 | INFO | ls20-9607627b - ACTION2: count 21, levels completed 0, avg fps 25.3)
2026-04-07 13:12:34,187 | INFO | ls20-9607627b - ACTION4: count 22, levels completed 0, avg fps 25.58)
2026-04-07 13:12:34,208 | INFO | ls20-9607627b - ACTION2: count 23, levels completed 0, avg fps 26.14)
2026-04-07 13:12:34,250 | INFO | ls20-9607627b - ACTION3: count 24, levels completed 0, avg fps 26.09)
2026-04-07 13:12:34,299 | INFO | ls20-9607627b - ACTION1: count 25, levels completed 0, avg fps 25.77)
2026-04-07 13:12:34,326 | INFO | ls20-9607627b - ACTION1: count 26, levels completed 0, avg fps 26.0)
2026-04-07 13:12:34,355 | INFO | ls20-9607627b - ACTION1: count 27, levels completed 0, avg fps 26.21)
2026-04-07 13:12:34,390 | INFO | ls20-9607627b - ACTION2: count 28, levels completed 0, avg fps 26.42)
2026-04-07 13:12:34,422 | INFO | ls20-9607627b - ACTION1: count 29, levels completed 0, avg fps 26.61)
2026-04-07 13:12:34,450 | INFO | ls20-9607627b - ACTION3: count 30, levels completed 0, avg fps 26.79)
2026-04-07 13:12:34,486 | INFO | ls20-9607627b - ACTION3: count 31, levels completed 0, avg fps 26.72)
2026-04-07 13:12:34,518 | INFO | ls20-9607627b - ACTION3: count 32, levels completed 0, avg fps 26.89)
2026-04-07 13:12:34,542 | INFO | ls20-9607627b - ACTION1: count 33, levels completed 0, avg fps 27.27)
2026-04-07 13:12:34,584 | INFO | ls20-9607627b - ACTION2: count 34, levels completed 0, avg fps 26.98)
2026-04-07 13:12:34,626 | INFO | ls20-9607627b - ACTION1: count 35, levels completed 0, avg fps 26.92)
2026-04-07 13:12:34,654 | INFO | ls20-9607627b - ACTION3: count 36, levels completed 0, avg fps 27.07)
2026-04-07 13:12:34,680 | INFO | ls20-9607627b - ACTION1: count 37, levels completed 0, avg fps 27.41)
2026-04-07 13:12:34,709 | INFO | ls20-9607627b - ACTION2: count 38, levels completed 0, avg fps 27.54)
2026-04-07 13:12:34,735 | INFO | ls20-9607627b - ACTION4: count 39, levels completed 0, avg fps 27.66)
2026-04-07 13:12:34,801 | INFO | ls20-9607627b - ACTION3: count 40, levels completed 0, avg fps 27.21)
2026-04-07 13:12:34,827 | INFO | ls20-9607627b - ACTION4: count 41, levels completed 0, avg fps 27.33)
2026-04-07 13:12:34,860 | INFO | ls20-9607627b - ACTION1: count 42, levels completed 0, avg fps 27.45)
2026-04-07 13:12:34,917 | INFO | ls20-9607627b - ACTION1: count 43, levels completed 0, avg fps 27.04)
2026-04-07 13:12:34,946 | INFO | ls20-9607627b - ACTION3: count 44, levels completed 0, avg fps 27.16)
2026-04-07 13:12:34,972 | INFO | ls20-9607627b - ACTION1: count 45, levels completed 0, avg fps 27.27)
2026-04-07 13:12:35,000 | INFO | ls20-9607627b - ACTION3: count 46, levels completed 0, avg fps 27.54)
2026-04-07 13:12:35,028 | INFO | ls20-9607627b - ACTION1: count 47, levels completed 0, avg fps 27.65)
2026-04-07 13:12:35,055 | INFO | ls20-9607627b - ACTION2: count 48, levels completed 0, avg fps 27.75)
2026-04-07 13:12:35,082 | INFO | ls20-9607627b - ACTION2: count 49, levels completed 0, avg fps 28.0)
2026-04-07 13:12:35,110 | INFO | ls20-9607627b - ACTION3: count 50, levels completed 0, avg fps 28.09)
2026-04-07 13:12:35,132 | INFO | ls20-9607627b - ACTION4: count 51, levels completed 0, avg fps 28.18)
2026-04-07 13:12:35,166 | INFO | ls20-9607627b - ACTION2: count 52, levels completed 0, avg fps 28.26)
2026-04-07 13:12:35,193 | INFO | ls20-9607627b - ACTION4: count 53, levels completed 0, avg fps 28.34)
2026-04-07 13:12:35,222 | INFO | ls20-9607627b - ACTION3: count 54, levels completed 0, avg fps 28.57)
2026-04-07 13:12:35,248 | INFO | ls20-9607627b - ACTION2: count 55, levels completed 0, avg fps 28.65)
2026-04-07 13:12:35,275 | INFO | ls20-9607627b - ACTION2: count 56, levels completed 0, avg fps 28.72)
2026-04-07 13:12:35,299 | INFO | ls20-9607627b - ACTION3: count 57, levels completed 0, avg fps 28.93)
2026-04-07 13:12:35,327 | INFO | ls20-9607627b - ACTION4: count 58, levels completed 0, avg fps 29.0)
2026-04-07 13:12:35,359 | INFO | ls20-9607627b - ACTION4: count 59, levels completed 0, avg fps 29.06)
2026-04-07 13:12:35,383 | INFO | ls20-9607627b - ACTION4: count 60, levels completed 0, avg fps 29.13)
2026-04-07 13:12:35,410 | INFO | ls20-9607627b - ACTION4: count 61, levels completed 0, avg fps 29.33)
2026-04-07 13:12:35,437 | INFO | ls20-9607627b - ACTION1: count 62, levels completed 0, avg fps 29.38)
2026-04-07 13:12:35,459 | INFO | ls20-9607627b - ACTION3: count 63, levels completed 0, avg fps 29.58)
2026-04-07 13:12:35,488 | INFO | ls20-9607627b - ACTION1: count 64, levels completed 0, avg fps 29.63)
2026-04-07 13:12:35,514 | INFO | ls20-9607627b - ACTION1: count 65, levels completed 0, avg fps 29.68)
2026-04-07 13:12:35,540 | INFO | ls20-9607627b - ACTION3: count 66, levels completed 0, avg fps 29.86)
2026-04-07 13:12:35,569 | INFO | ls20-9607627b - ACTION1: count 67, levels completed 0, avg fps 29.91)
2026-04-07 13:12:35,597 | INFO | ls20-9607627b - ACTION3: count 68, levels completed 0, avg fps 29.96)
2026-04-07 13:12:35,620 | INFO | ls20-9607627b - ACTION2: count 69, levels completed 0, avg fps 30.13)
2026-04-07 13:12:35,645 | INFO | ls20-9607627b - ACTION3: count 70, levels completed 0, avg fps 30.17)
2026-04-07 13:12:35,673 | INFO | ls20-9607627b - ACTION3: count 71, levels completed 0, avg fps 30.21)
2026-04-07 13:12:35,701 | INFO | ls20-9607627b - ACTION4: count 72, levels completed 0, avg fps 30.38)
2026-04-07 13:12:35,727 | INFO | ls20-9607627b - ACTION4: count 73, levels completed 0, avg fps 30.42)
2026-04-07 13:12:35,750 | INFO | ls20-9607627b - ACTION3: count 74, levels completed 0, avg fps 30.58)
2026-04-07 13:12:35,777 | INFO | ls20-9607627b - ACTION2: count 75, levels completed 0, avg fps 30.61)
2026-04-07 13:12:35,805 | INFO | ls20-9607627b - ACTION1: count 76, levels completed 0, avg fps 30.65)
2026-04-07 13:12:35,834 | INFO | ls20-9607627b - ACTION3: count 77, levels completed 0, avg fps 30.68)
2026-04-07 13:12:35,861 | INFO | ls20-9607627b - ACTION1: count 78, levels completed 0, avg fps 30.83)
2026-04-07 13:12:35,882 | INFO | ls20-9607627b - ACTION4: count 79, levels completed 0, avg fps 30.98)
2026-04-07 13:12:35,909 | INFO | ls20-9607627b - ACTION3: count 80, levels completed 0, avg fps 31.01)
2026-04-07 13:12:35,909 | INFO | recording for ls20-9607627b.randomrecordactions.80 is available in recordings\ls20-9607627b.randomrecordactions.80.0da7cd91-03f6-4de1-9bef-eb0a532c96e1.recording.jsonl
2026-04-07 13:12:35,909 | INFO | Exiting: agent reached MAX_ACTIONS of 80, took 2.58 seconds (31.4 average fps)
2026-04-07 13:12:35 | INFO | Closed scorecard: b38ba30b-e9bd-45d9-8269-8151ee6b53bb
2026-04-07 13:12:35,937 | INFO | Closed scorecard: b38ba30b-e9bd-45d9-8269-8151ee6b53bb
2026-04-07 13:12:35,937 | INFO | --- FINAL SCORECARD REPORT ---
2026-04-07 13:12:35,937 | INFO | {
  "source_url": null,
  "tags": [
    "legality_fixed",
    "agent",
    "randomrecordactions"
  ],
  "opaque": null,
  "card_id": "b38ba30b-e9bd-45d9-8269-8151ee6b53bb",
  "api_key": null,
  "score": 0.0,
  "environments": [
    {
      "id": "ls20-9607627b",
      "runs": [
        {
          "id": null,
          "guid": "848f79f9-0aa8-44c3-8d22-44d6097d8ac0",
          "score": 0.0,
          "levels_completed": 0,
          "actions": 81,
          "resets": 0,
          "state": "NOT_FINISHED",
          "completed": false,
          "level_scores": [
            0.0,
            0.0,
            0.0,
            0.0,
            0.0,
            0.0,
            0.0
          ],
          "level_actions": [
            81,
            0,
            0,
            0,
            0,
            0,
            0
          ],
          "level_baseline_actions": [
            21,
            123,
            39,
            92,
            54,
            108,
            109
          ],
          "number_of_levels": null,
          "number_of_environments": 0,
          "message": null
        }
      ],
      "score": 0.0,
      "actions": 81,
      "levels_completed": 0,
      "completed": false,
      "level_count": 7,
      "resets": 0
    }
  ],
  "tags_scores": [
    {
      "id": "keyboard",
      "guid": null,
      "score": 0.0,
      "levels_completed": 0,
      "actions": 81,
      "resets": null,
      "state": null,
      "completed": null,
      "level_scores": null,
      "level_actions": null,
      "level_baseline_actions": null,
      "number_of_levels": 7,
      "number_of_environments": 1,
      "message": null
    }
  ],
  "total_environments_completed": 0,
  "total_environments": 1,
  "total_levels_completed": 0,
  "total_levels": 7,
  "total_actions": 81
}
2026-04-07 13:12:35,937 | INFO | View your scorecard online: https://three.arcprize.org/scorecards/b38ba30b-e9bd-45d9-8269-8151ee6b53bb
