https://three.arcprize.org/api/games
2026-04-07 11:29:29,921 | INFO | Game list: ['ls20-9607627b']
2026-04-07 11:29:29 | INFO | Successfully fetched 25 environment(s) from API
2026-04-07 11:29:29,962 | INFO | Successfully fetched 25 environment(s) from API
***** MAKING SCORECARD
{"card_id":"a4949950-9f72-4d27-8a90-5a6248f39c4c"}

{'card_id': 'a4949950-9f72-4d27-8a90-5a6248f39c4c'}
2026-04-07 11:29:29 | INFO | Created new scorecard: a4949950-9f72-4d27-8a90-5a6248f39c4c
2026-04-07 11:29:29,999 | INFO | Created new scorecard: a4949950-9f72-4d27-8a90-5a6248f39c4c
***** MAKING ALL AGENTS with card id: a4949950-9f72-4d27-8a90-5a6248f39c4c
2026-04-07 11:29:30 | INFO | Successfully fetched metadata for game ls20
2026-04-07 11:29:30,025 | INFO | Successfully fetched metadata for game ls20
2026-04-07 11:29:30 | INFO | Successfully reset game ls20-9607627b, guid=e8b938da-d2a4-45e5-b146-46a7a34ec3a5, scorecard_id=a4949950-9f72-4d27-8a90-5a6248f39c4c
2026-04-07 11:29:30,136 | INFO | Successfully reset game ls20-9607627b, guid=e8b938da-d2a4-45e5-b146-46a7a34ec3a5, scorecard_id=a4949950-9f72-4d27-8a90-5a6248f39c4c
2026-04-07 11:29:30,136 | INFO | created new recording for ls20-9607627b.randomrecordactions.80 into recordings\ls20-9607627b.randomrecordactions.80.d8a66643-db81-4686-bd3e-d67ca4539c6b.recording.jsonl
2026-04-07 11:29:30,170 | INFO | ls20-9607627b - ACTION4: count 0, levels completed 0, avg fps 0.0)
2026-04-07 11:29:30,208 | INFO | ls20-9607627b - ACTION6: count 1, levels completed 0, avg fps 10.0)
2026-04-07 11:29:30,247 | INFO | ls20-9607627b - ACTION5: count 2, levels completed 0, avg fps 20.0)
2026-04-07 11:29:30,268 | INFO | ls20-9607627b - ACTION5: count 3, levels completed 0, avg fps 25.0)
2026-04-07 11:29:30,309 | INFO | ls20-9607627b - ACTION7: count 4, levels completed 0, avg fps 25.0)
2026-04-07 11:29:30,345 | INFO | ls20-9607627b - ACTION7: count 5, levels completed 0, avg fps 25.0)
2026-04-07 11:29:30,368 | INFO | ls20-9607627b - ACTION3: count 6, levels completed 0, avg fps 27.27)
2026-04-07 11:29:30,406 | INFO | ls20-9607627b - ACTION7: count 7, levels completed 0, avg fps 26.92)
2026-04-07 11:29:30,431 | INFO | ls20-9607627b - ACTION2: count 8, levels completed 0, avg fps 28.57)
2026-04-07 11:29:30,479 | INFO | ls20-9607627b - ACTION3: count 9, levels completed 0, avg fps 27.27)
2026-04-07 11:29:30,508 | INFO | ls20-9607627b - ACTION3: count 10, levels completed 0, avg fps 27.78)
2026-04-07 11:29:30,533 | INFO | ls20-9607627b - ACTION7: count 11, levels completed 0, avg fps 28.21)
2026-04-07 11:29:30,562 | INFO | ls20-9607627b - ACTION7: count 12, levels completed 0, avg fps 29.27)
2026-04-07 11:29:30,593 | INFO | ls20-9607627b - ACTION7: count 13, levels completed 0, avg fps 28.89)
2026-04-07 11:29:30,633 | INFO | ls20-9607627b - ACTION6: count 14, levels completed 0, avg fps 28.57)
2026-04-07 11:29:30,675 | INFO | ls20-9607627b - ACTION5: count 15, levels completed 0, avg fps 28.3)
2026-04-07 11:29:30,713 | INFO | ls20-9607627b - ACTION3: count 16, levels completed 0, avg fps 28.07)
2026-04-07 11:29:30,751 | INFO | ls20-9607627b - ACTION5: count 17, levels completed 0, avg fps 28.33)
2026-04-07 11:29:30,788 | INFO | ls20-9607627b - ACTION5: count 18, levels completed 0, avg fps 28.12)
2026-04-07 11:29:30,824 | INFO | ls20-9607627b - ACTION5: count 19, levels completed 0, avg fps 27.94)
2026-04-07 11:29:30,851 | INFO | ls20-9607627b - ACTION6: count 20, levels completed 0, avg fps 28.57)
2026-04-07 11:29:30,878 | INFO | ls20-9607627b - ACTION1: count 21, levels completed 0, avg fps 28.77)
2026-04-07 11:29:30,916 | INFO | ls20-9607627b - ACTION5: count 22, levels completed 0, avg fps 28.57)
2026-04-07 11:29:30,954 | INFO | ls20-9607627b - ACTION4: count 23, levels completed 0, avg fps 28.4)
2026-04-07 11:29:30,999 | INFO | ls20-9607627b - ACTION2: count 24, levels completed 0, avg fps 28.24)
2026-04-07 11:29:31,037 | INFO | ls20-9607627b - ACTION7: count 25, levels completed 0, avg fps 28.09)
2026-04-07 11:29:31,080 | INFO | ls20-9607627b - ACTION7: count 26, levels completed 0, avg fps 27.96)
2026-04-07 11:29:31,122 | INFO | ls20-9607627b - ACTION4: count 27, levels completed 0, avg fps 27.55)
2026-04-07 11:29:31,162 | INFO | ls20-9607627b - ACTION7: count 28, levels completed 0, avg fps 27.72)
2026-04-07 11:29:31,201 | INFO | ls20-9607627b - ACTION2: count 29, levels completed 0, avg fps 27.62)
2026-04-07 11:29:31,237 | INFO | ls20-9607627b - ACTION1: count 30, levels completed 0, avg fps 27.52)
2026-04-07 11:29:31,275 | INFO | ls20-9607627b - ACTION3: count 31, levels completed 0, avg fps 27.43)
2026-04-07 11:29:31,310 | INFO | ls20-9607627b - ACTION4: count 32, levels completed 0, avg fps 27.59)
2026-04-07 11:29:31,332 | INFO | ls20-9607627b - ACTION7: count 33, levels completed 0, avg fps 27.97)
2026-04-07 11:29:31,376 | INFO | ls20-9607627b - ACTION6: count 34, levels completed 0, avg fps 27.64)
2026-04-07 11:29:31,397 | INFO | ls20-9607627b - ACTION5: count 35, levels completed 0, avg fps 28.0)
2026-04-07 11:29:31,420 | INFO | ls20-9607627b - ACTION5: count 36, levels completed 0, avg fps 28.35)
2026-04-07 11:29:31,437 | INFO | ls20-9607627b - ACTION6: count 37, levels completed 0, avg fps 28.68)
2026-04-07 11:29:31,472 | INFO | ls20-9607627b - ACTION6: count 38, levels completed 0, avg fps 28.79)
2026-04-07 11:29:31,485 | INFO | ls20-9607627b - ACTION6: count 39, levels completed 0, avg fps 29.1)
2026-04-07 11:29:31,517 | INFO | ls20-9607627b - ACTION5: count 40, levels completed 0, avg fps 29.2)
2026-04-07 11:29:31,544 | INFO | ls20-9607627b - ACTION1: count 41, levels completed 0, avg fps 29.29)
2026-04-07 11:29:31,568 | INFO | ls20-9607627b - ACTION7: count 42, levels completed 0, avg fps 29.58)
2026-04-07 11:29:31,578 | INFO | ls20-9607627b - ACTION2: count 43, levels completed 0, avg fps 30.07)
2026-04-07 11:29:31,610 | INFO | ls20-9607627b - ACTION1: count 44, levels completed 0, avg fps 30.14)
2026-04-07 11:29:31,644 | INFO | ls20-9607627b - ACTION2: count 45, levels completed 0, avg fps 30.0)
2026-04-07 11:29:31,657 | INFO | ls20-9607627b - ACTION5: count 46, levels completed 0, avg fps 30.46)
2026-04-07 11:29:31,693 | INFO | ls20-9607627b - ACTION6: count 47, levels completed 0, avg fps 30.32)
2026-04-07 11:29:31,706 | INFO | ls20-9607627b - ACTION5: count 48, levels completed 0, avg fps 30.77)
2026-04-07 11:29:31,741 | INFO | ls20-9607627b - ACTION5: count 49, levels completed 0, avg fps 30.82)
2026-04-07 11:29:31,763 | INFO | ls20-9607627b - ACTION4: count 50, levels completed 0, avg fps 30.86)
2026-04-07 11:29:31,789 | INFO | ls20-9607627b - ACTION7: count 51, levels completed 0, avg fps 31.1)
2026-04-07 11:29:31,811 | INFO | ls20-9607627b - ACTION5: count 52, levels completed 0, avg fps 31.33)
2026-04-07 11:29:31,840 | INFO | ls20-9607627b - ACTION4: count 53, levels completed 0, avg fps 31.36)
2026-04-07 11:29:31,864 | INFO | ls20-9607627b - ACTION5: count 54, levels completed 0, avg fps 31.4)
2026-04-07 11:29:31,886 | INFO | ls20-9607627b - ACTION3: count 55, levels completed 0, avg fps 31.61)
2026-04-07 11:29:31,913 | INFO | ls20-9607627b - ACTION5: count 56, levels completed 0, avg fps 31.64)
2026-04-07 11:29:31,937 | INFO | ls20-9607627b - ACTION6: count 57, levels completed 0, avg fps 31.84)
2026-04-07 11:29:31,961 | INFO | ls20-9607627b - ACTION2: count 58, levels completed 0, avg fps 32.04)
2026-04-07 11:29:31,987 | INFO | ls20-9607627b - ACTION2: count 59, levels completed 0, avg fps 32.07)
2026-04-07 11:29:32,014 | INFO | ls20-9607627b - ACTION4: count 60, levels completed 0, avg fps 32.09)
2026-04-07 11:29:32,040 | INFO | ls20-9607627b - ACTION2: count 61, levels completed 0, avg fps 32.28)
2026-04-07 11:29:32,071 | INFO | ls20-9607627b - ACTION3: count 62, levels completed 0, avg fps 32.29)
2026-04-07 11:29:32,099 | INFO | ls20-9607627b - ACTION5: count 63, levels completed 0, avg fps 32.31)
2026-04-07 11:29:32,130 | INFO | ls20-9607627b - ACTION5: count 64, levels completed 0, avg fps 32.32)
2026-04-07 11:29:32,159 | INFO | ls20-9607627b - ACTION5: count 65, levels completed 0, avg fps 32.34)
2026-04-07 11:29:32,189 | INFO | ls20-9607627b - ACTION3: count 66, levels completed 0, avg fps 32.35)
2026-04-07 11:29:32,214 | INFO | ls20-9607627b - ACTION6: count 67, levels completed 0, avg fps 32.37)
2026-04-07 11:29:32,239 | INFO | ls20-9607627b - ACTION2: count 68, levels completed 0, avg fps 32.54)
2026-04-07 11:29:32,266 | INFO | ls20-9607627b - ACTION5: count 69, levels completed 0, avg fps 32.55)
2026-04-07 11:29:32,293 | INFO | ls20-9607627b - ACTION1: count 70, levels completed 0, avg fps 32.56)
2026-04-07 11:29:32,321 | INFO | ls20-9607627b - ACTION4: count 71, levels completed 0, avg fps 32.72)
2026-04-07 11:29:32,345 | INFO | ls20-9607627b - ACTION2: count 72, levels completed 0, avg fps 32.73)
2026-04-07 11:29:32,368 | INFO | ls20-9607627b - ACTION7: count 73, levels completed 0, avg fps 32.88)
2026-04-07 11:29:32,391 | INFO | ls20-9607627b - ACTION4: count 74, levels completed 0, avg fps 33.04)
2026-04-07 11:29:32,415 | INFO | ls20-9607627b - ACTION5: count 75, levels completed 0, avg fps 33.04)
2026-04-07 11:29:32,439 | INFO | ls20-9607627b - ACTION7: count 76, levels completed 0, avg fps 33.19)
2026-04-07 11:29:32,461 | INFO | ls20-9607627b - ACTION2: count 77, levels completed 0, avg fps 33.33)
2026-04-07 11:29:32,489 | INFO | ls20-9607627b - ACTION2: count 78, levels completed 0, avg fps 33.33)
2026-04-07 11:29:32,515 | INFO | ls20-9607627b - ACTION1: count 79, levels completed 0, avg fps 33.33)
2026-04-07 11:29:32,539 | INFO | ls20-9607627b - ACTION7: count 80, levels completed 0, avg fps 33.47)
2026-04-07 11:29:32,539 | INFO | recording for ls20-9607627b.randomrecordactions.80 is available in recordings\ls20-9607627b.randomrecordactions.80.d8a66643-db81-4686-bd3e-d67ca4539c6b.recording.jsonl
2026-04-07 11:29:32,539 | INFO | Exiting: agent reached MAX_ACTIONS of 80, took 2.39 seconds (33.89 average fps)
2026-04-07 11:29:32 | INFO | Closed scorecard: a4949950-9f72-4d27-8a90-5a6248f39c4c
2026-04-07 11:29:32,567 | INFO | Closed scorecard: a4949950-9f72-4d27-8a90-5a6248f39c4c
2026-04-07 11:29:32,567 | INFO | --- FINAL SCORECARD REPORT ---
2026-04-07 11:29:32,573 | INFO | {
  "source_url": null,
  "tags": [
    "arc3-neurosym-phase-b",
    "agent",
    "randomrecordactions"
  ],
  "opaque": null,
  "card_id": "a4949950-9f72-4d27-8a90-5a6248f39c4c",
  "api_key": null,
  "score": 0.0,
  "environments": [
    {
      "id": "ls20-9607627b",
      "runs": [
        {
          "id": null,
          "guid": "96150032-4b11-46f0-a017-251d05b7d5ee",
          "score": 0.0,
          "levels_completed": 0,
          "actions": 81,
          "resets": 0,
          "state": "NOT_FINISHED",
          "completed": false,
          "level_scores": [
            0.0,
            0.0,
            0.0,
            0.0,
            0.0,
            0.0,
            0.0
          ],
          "level_actions": [
            81,
            0,
            0,
            0,
            0,
            0,
            0
          ],
          "level_baseline_actions": [
            21,
            123,
            39,
            92,
            54,
            108,
            109
          ],
          "number_of_levels": null,
          "number_of_environments": 0,
          "message": null
        }
      ],
      "score": 0.0,
      "actions": 81,
      "levels_completed": 0,
      "completed": false,
      "level_count": 7,
      "resets": 0
    }
  ],
  "tags_scores": [
    {
      "id": "keyboard",
      "guid": null,
      "score": 0.0,
      "levels_completed": 0,
      "actions": 81,
      "resets": null,
      "state": null,
      "completed": null,
      "level_scores": null,
      "level_actions": null,
      "level_baseline_actions": null,
      "number_of_levels": 7,
      "number_of_environments": 1,
      "message": null
    }
  ],
  "total_environments_completed": 0,
  "total_environments": 1,
  "total_levels_completed": 0,
  "total_levels": 7,
  "total_actions": 81
}
2026-04-07 11:29:32,573 | INFO | View your scorecard online: https://three.arcprize.org/scorecards/a4949950-9f72-4d27-8a90-5a6248f39c4c
