https://three.arcprize.org/api/games
2026-04-07 13:07:43,697 | INFO | Game list: ['vc33-9851e02b']
2026-04-07 13:07:43 | INFO | Successfully fetched 25 environment(s) from API
2026-04-07 13:07:43,731 | INFO | Successfully fetched 25 environment(s) from API
***** MAKING SCORECARD
{"card_id":"4fec1d62-1ce4-4d52-ae0b-71716e4a0940"}

{'card_id': '4fec1d62-1ce4-4d52-ae0b-71716e4a0940'}
2026-04-07 13:07:43 | INFO | Created new scorecard: 4fec1d62-1ce4-4d52-ae0b-71716e4a0940
2026-04-07 13:07:43,766 | INFO | Created new scorecard: 4fec1d62-1ce4-4d52-ae0b-71716e4a0940
***** MAKING ALL AGENTS with card id: 4fec1d62-1ce4-4d52-ae0b-71716e4a0940
2026-04-07 13:07:43 | INFO | Successfully fetched metadata for game vc33
2026-04-07 13:07:43,798 | INFO | Successfully fetched metadata for game vc33
2026-04-07 13:07:43 | INFO | Successfully reset game vc33-9851e02b, guid=2ab89316-dc12-4085-87fd-523c76ef8b20, scorecard_id=4fec1d62-1ce4-4d52-ae0b-71716e4a0940
2026-04-07 13:07:43,941 | INFO | Successfully reset game vc33-9851e02b, guid=2ab89316-dc12-4085-87fd-523c76ef8b20, scorecard_id=4fec1d62-1ce4-4d52-ae0b-71716e4a0940
2026-04-07 13:07:43,941 | INFO | created new recording for vc33-9851e02b.randomrecordactions.80 into recordings\vc33-9851e02b.randomrecordactions.80.d14e7a65-3403-4256-b0d5-9bbcef918879.recording.jsonl
Exception in thread Thread-2 (main):
Traceback (most recent call last):
  File "C:\Users\benja\AppData\Roaming\uv\python\cpython-3.12.12-windows-x86_64-none\Lib\threading.py", line 1075, in _bootstrap_inner
    self.run()
  File "C:\Users\benja\AppData\Roaming\uv\python\cpython-3.12.12-windows-x86_64-none\Lib\threading.py", line 1012, in run
    self._target(*self._args, **self._kwargs)
  File "D:\arc3\external\ARC-AGI-3-Agents\agents\tracing.py", line 119, in wrapper
    return func(agent_instance, *args, **kwargs)
           ^^^^^^^^^^^^^^^^^^^^^^^^^^^^^^^^^^^^^
  File "D:\arc3\external\ARC-AGI-3-Agents\agents\agent.py", line 76, in main
    action = self.choose_action(
             ^^^^^^^^^^^^^^^^^^^
  File "D:\arc3\external\ARC-AGI-3-Agents\agents\templates\record_actions_agent.py", line 87, in choose_action
    if GameAction(aid) is not GameAction.RESET
       ^^^^^^^^^^^^^^^
  File "C:\Users\benja\AppData\Roaming\uv\python\cpython-3.12.12-windows-x86_64-none\Lib\enum.py", line 751, in __call__
    return cls.__new__(cls, value)
           ^^^^^^^^^^^^^^^^^^^^^^^
  File "C:\Users\benja\AppData\Roaming\uv\python\cpython-3.12.12-windows-x86_64-none\Lib\enum.py", line 1170, in __new__
    raise ve_exc
ValueError: 6 is not a valid GameAction
2026-04-07 13:07:43 | INFO | Closed scorecard: 4fec1d62-1ce4-4d52-ae0b-71716e4a0940
2026-04-07 13:07:43,963 | INFO | Closed scorecard: 4fec1d62-1ce4-4d52-ae0b-71716e4a0940
2026-04-07 13:07:43,963 | INFO | --- FINAL SCORECARD REPORT ---
2026-04-07 13:07:43,963 | INFO | {
  "source_url": null,
  "tags": [
    "legality_aware",
    "agent",
    "randomrecordactions"
  ],
  "opaque": null,
  "card_id": "4fec1d62-1ce4-4d52-ae0b-71716e4a0940",
  "api_key": null,
  "score": 0.0,
  "environments": [
    {
      "id": "vc33-9851e02b",
      "runs": [
        {
          "id": null,
          "guid": "de5b09c3-ae92-44b3-9f94-2d783ef1a4a2",
          "score": 0.0,
          "levels_completed": 0,
          "actions": 0,
          "resets": 0,
          "state": "NOT_FINISHED",
          "completed": false,
          "level_scores": [
            0.0,
            0.0,
            0.0,
            0.0,
            0.0,
            0.0,
            0.0
          ],
          "level_actions": [
            0,
            0,
            0,
            0,
            0,
            0,
            0
          ],
          "level_baseline_actions": [
            6,
            13,
            31,
            59,
            92,
            24,
            82
          ],
          "number_of_levels": null,
          "number_of_environments": 0,
          "message": null
        }
      ],
      "score": 0.0,
      "actions": 0,
      "levels_completed": 0,
      "completed": false,
      "level_count": 7,
      "resets": 0
    }
  ],
  "tags_scores": [
    {
      "id": "click",
      "guid": null,
      "score": 0.0,
      "levels_completed": 0,
      "actions": 0,
      "resets": null,
      "state": null,
      "completed": null,
      "level_scores": null,
      "level_actions": null,
      "level_baseline_actions": null,
      "number_of_levels": 7,
      "number_of_environments": 1,
      "message": null
    }
  ],
  "total_environments_completed": 0,
  "total_environments": 1,
  "total_levels_completed": 0,
  "total_levels": 7,
  "total_actions": 0
}
2026-04-07 13:07:43,963 | INFO | View your scorecard online: https://three.arcprize.org/scorecards/4fec1d62-1ce4-4d52-ae0b-71716e4a0940
2026-04-07 13:07:43,968 | INFO | recording for vc33-9851e02b.randomrecordactions.80 is available in recordings\vc33-9851e02b.randomrecordactions.80.d14e7a65-3403-4256-b0d5-9bbcef918879.recording.jsonl
2026-04-07 13:07:43,968 | INFO | Finishing: agent took 0 actions, took 0.02 seconds (0.0 average fps)
